C51 COMPILER V9.59.0.0   COMPARATOR                                                        03/03/2021 17:22:17 PAGE 1   


C51 COMPILER V9.59.0.0, COMPILATION OF MODULE COMPARATOR
OBJECT MODULE PLACED IN Comparator.OBJ
COMPILER INVOKED BY: C:\Keil_v5\C51\BIN\C51.EXE Comparator.c OPTIMIZE(8,SPEED) BROWSE DEBUG OBJECTEXTEND TABS(2)

line level    source

   1          /*---------------------------------------------------------------------*/
   2          /* --- STC MCU Limited ------------------------------------------------*/
   3          /* --- STC 1T Series MCU Demo Programme -------------------------------*/
   4          /* --- Mobile: (86)13922805190 ----------------------------------------*/
   5          /* --- Fax: 86-0513-55012956,55012947,55012969 ------------------------*/
   6          /* --- Tel: 86-0513-55012928,55012929,55012966 ------------------------*/
   7          /* --- Web: www.STCMCU.com --------------------------------------------*/
   8          /* --- Web: www.STCMCUDATA.com  ---------------------------------------*/
   9          /* --- QQ:  800003751 -------------------------------------------------*/
  10          /* 如果要在程序中使用此代码,请在程序中注明使用了STC的资料及程序        */
  11          /*---------------------------------------------------------------------*/
  12          
  13          
  14          /*************  功能说明    **************
  15          
  16          本例程基于STC8H8K64U为主控芯片的实验箱8进行编写测试，STC8H系列芯片可通用参考.
  17          
  18          比较器的正极选择 P1.1 口 ADC 的模拟输入通道，
  19          
  20          而负极可以是 P3.6 端口或者是内部 BandGap 经过 OP 后的 REFV 电压（1.19V内部固定比较电压）。
  21          
  22          通过中断或者查询方式读取比较器比较结果，CMP+的电平低于CMP-的电平P47口(LED10)输出低电平，反之输出高电平。
  23          
  24          
  25          从P1.7输出16位的PWM, 输出的PWM经过RC滤波成直流电压送P1.1做ADC并用数码管显示出来.
  26          
  27          串口1配置为115200bps, 8,n, 1, 切换到P3.0 P3.1, 下载后就可以直接测试. 通过串口1设置占空比.
  28          
  29          串口命令使用ASCII码的数字，比如： 10，就是设置占空比为10/256， 100： 就是设置占空比为100/256。
  30          
  31          可以设置的值为0~256.
  32          
  33          左边4位数码管显示PWM的占空比值，右边4位数码管显示ADC值。
  34          
  35          
  36          实测PWM占空比设置为120以下时，P1.1 口 ADC 的模拟输入CMP+的电平低于CMP-的电平（1.19V），P47口输出低电平(LED
             -10灯亮)，反之输出高电平(LED10灯灭)。
  37          
  38          下载时, 选择时钟 22.1184MHZ (用户可自行修改频率).
  39          
  40          ******************************************/
  41          
  42          #include "reg51.h"       //包含此头文件后，里面声明的寄存器不需要再手动输入，避免重复定义
  43          #include "intrins.h"
  44          
  45          #define     MAIN_Fosc       22118400L   //定义主时钟
  46          
  47          typedef     unsigned char   u8;
  48          typedef     unsigned int    u16;
  49          typedef     unsigned long   u32;
  50          
  51          //手动输入声明"reg51.h"头文件里面没有定义的寄存器
  52          sfr TH2  = 0xD6;
  53          sfr TL2  = 0xD7;
  54          sfr IE2   = 0xAF;
C51 COMPILER V9.59.0.0   COMPARATOR                                                        03/03/2021 17:22:17 PAGE 2   

  55          sfr INT_CLKO = 0x8F;
  56          sfr AUXR = 0x8E;
  57          sfr P_SW1 = 0xA2;
  58          sfr P_SW2 = 0xBA;
  59          
  60          sfr ADC_CONTR = 0xBC;   //带AD系列
  61          sfr ADC_RES   = 0xBD;   //带AD系列
  62          sfr ADC_RESL  = 0xBE;   //带AD系列
  63          sfr ADCCFG = 0xDE;
  64          
  65          sfr CMPCR1 = 0xE6;
  66          sfr CMPCR2 = 0xE7;
  67          
  68          sfr P4   = 0xC0;
  69          sfr P5   = 0xC8;
  70          sfr P6   = 0xE8;
  71          sfr P7   = 0xF8;
  72          sfr P1M1 = 0x91;    //PxM1.n,PxM0.n     =00--->Standard,    01--->push-pull
  73          sfr P1M0 = 0x92;    //                  =10--->pure input,  11--->open drain
  74          sfr P0M1 = 0x93;
  75          sfr P0M0 = 0x94;
  76          sfr P2M1 = 0x95;
  77          sfr P2M0 = 0x96;
  78          sfr P3M1 = 0xB1;
  79          sfr P3M0 = 0xB2;
  80          sfr P4M1 = 0xB3;
  81          sfr P4M0 = 0xB4;
  82          sfr P5M1 = 0xC9;
  83          sfr P5M0 = 0xCA;
  84          sfr P6M1 = 0xCB;
  85          sfr P6M0 = 0xCC;
  86          sfr P7M1 = 0xE1;
  87          sfr P7M0 = 0xE2;
  88          
  89          sbit P00 = P0^0;
  90          sbit P01 = P0^1;
  91          sbit P02 = P0^2;
  92          sbit P03 = P0^3;
  93          sbit P04 = P0^4;
  94          sbit P05 = P0^5;
  95          sbit P06 = P0^6;
  96          sbit P07 = P0^7;
  97          sbit P10 = P1^0;
  98          sbit P11 = P1^1;
  99          sbit P12 = P1^2;
 100          sbit P13 = P1^3;
 101          sbit P14 = P1^4;
 102          sbit P15 = P1^5;
 103          sbit P16 = P1^6;
 104          sbit P17 = P1^7;
 105          sbit P20 = P2^0;
 106          sbit P21 = P2^1;
 107          sbit P22 = P2^2;
 108          sbit P23 = P2^3;
 109          sbit P24 = P2^4;
 110          sbit P25 = P2^5;
 111          sbit P26 = P2^6;
 112          sbit P27 = P2^7;
 113          sbit P30 = P3^0;
 114          sbit P31 = P3^1;
 115          sbit P32 = P3^2;
 116          sbit P33 = P3^3;
C51 COMPILER V9.59.0.0   COMPARATOR                                                        03/03/2021 17:22:17 PAGE 3   

 117          sbit P34 = P3^4;
 118          sbit P35 = P3^5;
 119          sbit P36 = P3^6;
 120          sbit P37 = P3^7;
 121          sbit P40 = P4^0;
 122          sbit P41 = P4^1;
 123          sbit P42 = P4^2;
 124          sbit P43 = P4^3;
 125          sbit P44 = P4^4;
 126          sbit P45 = P4^5;
 127          sbit P46 = P4^6;
 128          sbit P47 = P4^7;
 129          sbit P50 = P5^0;
 130          sbit P51 = P5^1;
 131          sbit P52 = P5^2;
 132          sbit P53 = P5^3;
 133          sbit P54 = P5^4;
 134          sbit P55 = P5^5;
 135          sbit P56 = P5^6;
 136          sbit P57 = P5^7;
 137          
 138          /****************************** 用户定义宏 ***********************************/
 139          
 140          #define Timer0_Reload   (65536UL -(MAIN_Fosc / 1000))       //Timer 0 中断频率, 1000次/秒
 141          #define ADCTIM (*(unsigned char volatile xdata *)0xfea8)
 142          
 143          #define PWMB_CR1 (*(unsigned char volatile xdata *)0xfee0)
 144          #define PWMB_CR2 (*(unsigned char volatile xdata *)0xfee1)
 145          #define PWMB_ENO (*(unsigned char volatile xdata *)0xfeb5)
 146          #define PWMB_CCMR1 (*(unsigned char volatile xdata *)0xfee8)
 147          #define PWMB_CCER1 (*(unsigned char volatile xdata *)0xfeec)
 148          #define PWMB_CCR1 (*(unsigned char volatile xdata *)0xfef5)
 149          #define PWMB_CCR1H (*(unsigned char volatile xdata *)0xfef5) //CCR5 预装载值
 150          #define PWMB_CCR1L (*(unsigned char volatile xdata *)0xfef6)
 151          #define PWMB_ARR (*(unsigned char volatile xdata *)0xfef2)
 152          #define PWMB_ARRH (*(unsigned char volatile xdata *)0xfef2)  //自动重装载高 8 位值
 153          #define PWMB_ARRL (*(unsigned char volatile xdata *)0xfef3)
 154          #define PWMB_BKR (*(unsigned char volatile xdata *)0xfefd)
 155          #define PWMB_PS (*(unsigned char volatile xdata *) 0xFEB6)
 156          #define PWMB_IOAUX (*(unsigned char volatile xdata *) 0xFEB7)
 157          #define PWMB_CNTRH (*(unsigned char volatile xdata *) 0xFEEE)
 158          #define PWMB_CNTRL (*(unsigned char volatile xdata *) 0xFEEF)
 159          #define PWMB_PSCRH (*(unsigned char volatile xdata *) 0xFEF0)
 160          #define PWMB_PSCRL (*(unsigned char volatile xdata *) 0xFEF1)
 161          #define PWMB_IER (*(unsigned char volatile xdata *) 0xFEE4)
 162          #define PWMB_SR1 (*(unsigned char volatile xdata *) 0xFEE5)
 163          #define PWMB_DTR (*(unsigned char volatile xdata *) 0xFEFE)
 164          #define PWMB_EGR (*(unsigned char volatile xdata *) 0xFEE7)
 165          
 166          /*****************************************************************************/
 167          
 168          #define DIS_DOT     0x20
 169          #define DIS_BLACK   0x10
 170          #define DIS_        0x11
 171          
 172          #define Baudrate1           115200L
 173          #define UART1_BUF_LENGTH    128     //串口缓冲长度
 174          
 175          /*************  本地常量声明    **************/
 176          u8 code t_display[]={                       //标准字库
 177          //   0    1    2    3    4    5    6    7    8    9    A    B    C    D    E    F
 178              0x3F,0x06,0x5B,0x4F,0x66,0x6D,0x7D,0x07,0x7F,0x6F,0x77,0x7C,0x39,0x5E,0x79,0x71,
C51 COMPILER V9.59.0.0   COMPARATOR                                                        03/03/2021 17:22:17 PAGE 4   

 179          //black  -     H    J    K    L    N    o   P    U     t    G    Q    r   M    y
 180              0x00,0x40,0x76,0x1E,0x70,0x38,0x37,0x5C,0x73,0x3E,0x78,0x3d,0x67,0x50,0x37,0x6e,
 181              0xBF,0x86,0xDB,0xCF,0xE6,0xED,0xFD,0x87,0xFF,0xEF,0x46};    //0. 1. 2. 3. 4. 5. 6. 7. 8. 9. -1
 182          
 183          u8 code T_COM[]={0x01,0x02,0x04,0x08,0x10,0x20,0x40,0x80};      //位码
 184          
 185          /*************  本地变量声明    **************/
 186          
 187          u8  LED8[8];        //显示缓冲
 188          u8  display_index;  //显示位索引
 189          bit B_1ms;          //1ms标志
 190          u8  cnt200ms;
 191          u16 adc;
 192          
 193          u8  RX1_TimeOut;
 194          u8  TX1_Cnt;    //发送计数
 195          u8  RX1_Cnt;    //接收计数
 196          bit B_TX1_Busy; //发送忙标志
 197          
 198          u8  xdata   RX1_Buffer[UART1_BUF_LENGTH];   //接收缓冲
 199          
 200          void Timer0_config(void);
 201          void ADC_config(void);
 202          void PWM_config(void);
 203          void CMP_config(void);
 204          void UART1_config(u8 brt);   // 选择波特率, 2: 使用Timer2做波特率, 其它值: 使用Timer1做波特率.
 205          void PrintString1(u8 *puts);
 206          void UART1_TxByte(u8 dat);
 207          void UpdatePwm(u16 pwm_value);
 208          u16  Get_ADC12bitResult(u8 channel); //channel = 0~15
 209          
 210          /******************* 比较器中断函数 ********************/
 211          void CMP_Isr() interrupt 21
 212          {
 213   1          CMPCR1 &= ~0x40;                         //清中断标志
 214   1          P47 = CMPCR1 & 0x01;                     //中断方式读取比较器比较结果
 215   1      }
 216          
 217          /******************** 主函数 **************************/
 218          void main()
 219          {
 220   1          u8  i;
 221   1          u16 j;
 222   1      
 223   1          P0M1 = 0;   P0M0 = 0;   //设置为准双向口
 224   1          P2M1 = 0;   P2M0 = 0;   //设置为准双向口
 225   1          P3M1 = 0;   P3M0 = 0;   //设置为准双向口
 226   1          P4M1 = 0;   P4M0 = 0;   //设置为准双向口
 227   1          P5M1 = 0;   P5M0 = 0;   //设置为准双向口
 228   1          P6M1 = 0;   P6M0 = 0;   //设置为准双向口
 229   1          P7M1 = 0;   P7M0 = 0;   //设置为准双向口
 230   1          P1M1 = 0x02;   P1M0 = 0x00;   //设置 P1.1 为 ADC 口
 231   1      
 232   1          Timer0_config();
 233   1          ADC_config();
 234   1          PWM_config();
 235   1          CMP_config();
 236   1          UART1_config(1);    // 选择波特率, 2: 使用Timer2做波特率, 其它值: 使用Timer1做波特率.
 237   1      
 238   1          display_index = 0;
 239   1          EA = 1;
 240   1      
C51 COMPILER V9.59.0.0   COMPARATOR                                                        03/03/2021 17:22:17 PAGE 5   

 241   1          for(i=0; i<8; i++)  LED8[i] = DIS_; //上电全部显示-
 242   1          
 243   1          LED8[0] = 1;    //显示PWM默认值
 244   1          LED8[1] = 2;
 245   1          LED8[2] = 8;
 246   1          LED8[3] = DIS_BLACK;    //这位不显示
 247   1      
 248   1          PrintString1("输入占空比(0~256)，改变ADC口输入电平。\r\n");  //SUART1发送一个字符串
 249   1          
 250   1          while (1)
 251   1          {
 252   2              if(B_1ms)   //1ms到
 253   2              {
 254   3                  B_1ms = 0;
 255   3                  if(++cnt200ms >= 200)   //200ms读一次ADC
 256   3                  {
 257   4                      cnt200ms = 0;
 258   4                      j = Get_ADC12bitResult(1);  //参数0~15,查询方式做一次ADC, 返回值就是结果, == 4096 为错误
 259   4                      if(j >= 1000)   LED8[4] = j / 1000;     //显示ADC值
 260   4                      else            LED8[4] = DIS_BLACK;
 261   4                      LED8[5] = (j % 1000) / 100;
 262   4                      LED8[6] = (j % 100) / 10;
 263   4                      LED8[7] = j % 10;
 264   4                  }
 265   3      
 266   3                  if(RX1_TimeOut > 0)     //超时计数
 267   3                  {
 268   4                      if(--RX1_TimeOut == 0)
 269   4                      {
 270   5                          if((RX1_Cnt > 0) && (RX1_Cnt <= 3)) //限制为3位数字
 271   5                          {
 272   6                              F0 = 0; //错误标志
 273   6                              j = 0;
 274   6                              for(i=0; i<RX1_Cnt; i++)
 275   6                              {
 276   7                                  if((RX1_Buffer[i] >= '0') && (RX1_Buffer[i] <= '9'))    //限定为数字
 277   7                                  {
 278   8                                      j = j * 10 + RX1_Buffer[i] - '0';
 279   8                                  }
 280   7                                  else
 281   7                                  {
 282   8                                      F0 = 1; //接收到非数字字符, 错误
 283   8                                      PrintString1("错误! 接收到非数字字符! 占空比为0~256!\r\n");
 284   8                                      break;
 285   8                                  }
 286   7                              }
 287   6                              if(!F0)
 288   6                              {
 289   7                                  if(j > 256) PrintString1("错误! 输入占空比过大, 请不要大于256!\r\n");
 290   7                                  else
 291   7                                  {
 292   8                                      UpdatePwm(j);
 293   8                                      if(j >= 100)    LED8[0] = j / 100,  j %= 100;   //显示PWM默认值
 294   8                                      else            LED8[0] = DIS_BLACK;
 295   8                                      LED8[1] = j % 100 / 10;
 296   8                                      LED8[2] = j % 10;
 297   8                                      PrintString1("已更新占空比!\r\n");
 298   8                                  }
 299   7                              }
 300   6                          }
 301   5                          else  PrintString1("错误! 输入字符过多! 输入占空比为0~256!\r\n");
 302   5                          RX1_Cnt = 0;
C51 COMPILER V9.59.0.0   COMPARATOR                                                        03/03/2021 17:22:17 PAGE 6   

 303   5                      }
 304   4                  }
 305   3              }
 306   2          }
 307   1      }
 308          
 309          //========================================================================
 310          // 函数: void Timer0_config(void)
 311          // 描述: Timer0初始化函数。
 312          // 参数: 无.
 313          // 返回: 无.
 314          // 版本: V1.0, 2020-6-10
 315          //========================================================================
 316          void Timer0_config(void)
 317          {
 318   1          AUXR = 0x80;    //Timer0 set as 1T, 16 bits timer auto-reload, 
 319   1          TH0 = (u8)(Timer0_Reload / 256);
 320   1          TL0 = (u8)(Timer0_Reload % 256);
 321   1          ET0 = 1;    //Timer0 interrupt enable
 322   1          TR0 = 1;    //Tiner0 run
 323   1      }
 324          
 325          //========================================================================
 326          // 函数: void ADC_config(void)
 327          // 描述: ADC初始化函数。
 328          // 参数: 无.
 329          // 返回: 无.
 330          // 版本: V1.0, 2020-6-10
 331          //========================================================================
 332          void ADC_config(void)
 333          {
 334   1          P_SW2 |= 0x80;
 335   1          ADCTIM = 0x3f;         //设置 ADC 内部时序，ADC采样时间建议设最大值
 336   1          P_SW2 &= 0x7f;
 337   1          ADCCFG = 0x2f;         //设置 ADC 转换结果右对齐,时钟为系统时钟/2/16
 338   1          ADC_CONTR = 0x81; //使能 ADC 模块
 339   1      }
 340          
 341          //========================================================================
 342          // 函数: void PWM_config(void)
 343          // 描述: PWM初始化函数。
 344          // 参数: 无.
 345          // 返回: 无.
 346          // 版本: V1.0, 2020-6-10
 347          //========================================================================
 348          void PWM_config(void)
 349          {
 350   1          P_SW2 |= 0x80;
 351   1          PWMB_CCER1 = 0x00; //写 CCMRx 前必须先清零 CCERx 关闭通道
 352   1          PWMB_CCMR1 = 0x68; //设置 CC1 为 PWM模式1 输出
 353   1          PWMB_CCER1 = 0x01; //使能 CC5 通道
 354   1      
 355   1          PWMB_ARRH = 2; //设置周期时间
 356   1          PWMB_ARRL = 0;
 357   1          PWMB_CCR1H = 0;
 358   1          PWMB_CCR1L = 128; //设置占空比时间
 359   1          PWMB_ENO = 0x01; //使能 PWM5 输出
 360   1          PWMB_PS = 0x01;  //高级 PWM 通道 5 输出脚选择位, 0x00:P2.0, 0x01:P1.7, 0x02:P0.0, 0x03:P7.4
 361   1          PWMB_BKR = 0x80; //使能主输出
 362   1          //PWMB_IER = 0x01; // 使能中断
 363   1          PWMB_CR1 |= 0x01; //开始计时
 364   1          P_SW2 &= 0x7f;
C51 COMPILER V9.59.0.0   COMPARATOR                                                        03/03/2021 17:22:17 PAGE 7   

 365   1      }
 366          
 367          //========================================================================
 368          // 函数: void CMP_config(void)
 369          // 描述: 比较器初始化函数。
 370          // 参数: 无.
 371          // 返回: 无.
 372          // 版本: V1.0, 2020-6-10
 373          //========================================================================
 374          void CMP_config(void)
 375          {
 376   1          CMPCR2 = 0x00;
 377   1          CMPCR2 &= ~0x80;                            //比较器正向输出
 378   1      //  CMPCR2 |= 0x80;                             //比较器反向输出
 379   1          CMPCR2 &= ~0x40;                            //禁止0.1us滤波
 380   1      //  CMPCR2 |= 0x40;                             //使能0.1us滤波
 381   1      //  CMPCR2 &= ~0x3f;                            //比较器结果直接输出
 382   1          CMPCR2 |= 0x10;                             //比较器结果经过16个去抖时钟后输出
 383   1          CMPCR1 = 0x00;
 384   1          CMPCR1 |= 0x30;                             //使能比较器边沿中断
 385   1      //  CMPCR1 &= ~0x20;                            //禁止比较器上升沿中断
 386   1      //  CMPCR1 |= 0x20;                             //使能比较器上升沿中断
 387   1      //  CMPCR1 &= ~0x10;                            //禁止比较器下降沿中断
 388   1      //  CMPCR1 |= 0x10;                             //使能比较器下降沿中断
 389   1      
 390   1      //  CMPCR1 &= ~0x08;                            //P3.7为CMP+输入脚
 391   1          CMPCR1 |= 0x08;                             //ADC输入脚为CMP+输入教
 392   1      
 393   1          CMPCR1 &= ~0x04;                            //内部参考电压为CMP-输入脚
 394   1      //  CMPCR1 |= 0x04;                             //P3.6为CMP-输入脚
 395   1      
 396   1      //  CMPCR1 &= ~0x02;                            //禁止比较器输出
 397   1          CMPCR1 |= 0x02;                             //使能比较器输出
 398   1          P_SW2 &= ~0x08;                             //选择P3.4作为比较器输出脚
 399   1      //  P_SW2 |= 0x08;                              //选择P4.1作为比较器输出脚
 400   1          CMPCR1 |= 0x80;                             //使能比较器模块
 401   1      }
 402          
 403          //========================================================================
 404          // 函数: void UART1_TxByte(u8 dat)
 405          // 描述: 发送一个字节.
 406          // 参数: 无.
 407          // 返回: 无.
 408          // 版本: V1.0, 2014-6-30
 409          //========================================================================
 410          void UART1_TxByte(u8 dat)
 411          {
 412   1          SBUF = dat;
 413   1          B_TX1_Busy = 1;
 414   1          while(B_TX1_Busy);
 415   1      }
 416          
 417          //========================================================================
 418          // 函数: void PrintString1(u8 *puts)
 419          // 描述: 串口1发送字符串函数。
 420          // 参数: puts:  字符串指针.
 421          // 返回: none.
 422          // 版本: VER1.0
 423          // 日期: 2014-11-28
 424          // 备注: 
 425          //========================================================================
 426          void PrintString1(u8 *puts) //发送一个字符串
C51 COMPILER V9.59.0.0   COMPARATOR                                                        03/03/2021 17:22:17 PAGE 8   

 427          {
 428   1          for (; *puts != 0;  puts++)   UART1_TxByte(*puts);  //遇到停止符0结束
 429   1      }
 430          
 431          //========================================================================
 432          // 函数: void SetTimer2Baudraye(u16 dat)
 433          // 描述: 设置Timer2做波特率发生器。
 434          // 参数: dat: Timer2的重装值.
 435          // 返回: none.
 436          // 版本: VER1.0
 437          // 日期: 2014-11-28
 438          // 备注: 
 439          //========================================================================
 440          void SetTimer2Baudraye(u16 dat)  // 使用Timer2做波特率.
 441          {
 442   1          AUXR &= ~(1<<4);    //Timer stop
 443   1          AUXR &= ~(1<<3);    //Timer2 set As Timer
 444   1          AUXR |=  (1<<2);    //Timer2 set as 1T mode
 445   1          TH2 = dat / 256;
 446   1          TL2 = dat % 256;
 447   1          IE2  &= ~(1<<2);    //禁止中断
 448   1          AUXR |=  (1<<4);    //Timer run enable
 449   1      }
 450          
 451          //========================================================================
 452          // 函数: void UART1_config(u8 brt)
 453          // 描述: UART1初始化函数。
 454          // 参数: brt: 选择波特率, 2: 使用Timer2做波特率, 其它值: 使用Timer1做波特率.
 455          // 返回: none.
 456          // 版本: VER1.0
 457          // 日期: 2014-11-28
 458          // 备注: 
 459          //========================================================================
 460          void UART1_config(u8 brt)    // 选择波特率, 2: 使用Timer2做波特率, 其它值: 使用Timer1做波特率.
 461          {
 462   1          /*********** 波特率使用定时器2 *****************/
 463   1          if(brt == 2)
 464   1          {
 465   2              AUXR |= 0x01;       //S1 BRT Use Timer2;
 466   2              SetTimer2Baudraye(65536UL - (MAIN_Fosc / 4) / Baudrate1);
 467   2          }
 468   1      
 469   1          /*********** 波特率使用定时器1 *****************/
 470   1          else
 471   1          {
 472   2              TR1 = 0;
 473   2              AUXR &= ~0x01;      //S1 BRT Use Timer1;
 474   2              AUXR |=  (1<<6);    //Timer1 set as 1T mode
 475   2              TMOD &= ~(1<<6);    //Timer1 set As Timer
 476   2              TMOD &= ~0x30;      //Timer1_16bitAutoReload;
 477   2              TH1 = (u8)((65536UL - (MAIN_Fosc / 4) / Baudrate1) / 256);
 478   2              TL1 = (u8)((65536UL - (MAIN_Fosc / 4) / Baudrate1) % 256);
 479   2              ET1 = 0;    //禁止中断
 480   2              INT_CLKO &= ~0x02;  //不输出时钟
 481   2              TR1  = 1;
 482   2          }
 483   1          /*************************************************/
 484   1      
 485   1          SCON = (SCON & 0x3f) | 0x40;    //UART1模式, 0x00: 同步移位输出, 0x40: 8位数据,可变波特率, 0x80: 9位数
             -据,固定波特率, 0xc0: 9位数据,可变波特率
 486   1      //  PS  = 1;    //高优先级中断
 487   1          ES  = 1;    //允许中断
C51 COMPILER V9.59.0.0   COMPARATOR                                                        03/03/2021 17:22:17 PAGE 9   

 488   1          REN = 1;    //允许接收
 489   1          P_SW1 &= 0x3f;
 490   1          P_SW1 |= 0x00;      //UART1 switch to, 0x00: P3.0 P3.1, 0x40: P3.6 P3.7, 0x80: P1.6 P1.7 (必须使用内部
             -时钟)
 491   1      //  PCON2 |=  (1<<4);   //内部短路RXD与TXD, 做中继, ENABLE,DISABLE
 492   1      
 493   1          B_TX1_Busy = 0;
 494   1          TX1_Cnt = 0;
 495   1          RX1_Cnt = 0;
 496   1      }
 497          
 498          //========================================================================
 499          // 函数: void UART1_int (void) interrupt UART1_VECTOR
 500          // 描述: UART1中断函数。
 501          // 参数: nine.
 502          // 返回: none.
 503          // 版本: VER1.0
 504          // 日期: 2014-11-28
 505          // 备注: 
 506          //========================================================================
 507          void UART1_int (void) interrupt 4
 508          {
 509   1          if(RI)
 510   1          {
 511   2              RI = 0;
 512   2              if(RX1_Cnt >= UART1_BUF_LENGTH) RX1_Cnt = 0;
 513   2              RX1_Buffer[RX1_Cnt] = SBUF;
 514   2              RX1_Cnt++;
 515   2              RX1_TimeOut = 5;
 516   2          }
 517   1      
 518   1          if(TI)
 519   1          {
 520   2              TI = 0;
 521   2              B_TX1_Busy = 0;
 522   2          }
 523   1      }
 524          
 525          /********************** 显示扫描函数 ************************/
 526          void DisplayScan(void)
 527          {   
 528   1          P7 = ~T_COM[7-display_index];
 529   1          P6 = ~t_display[LED8[display_index]];
 530   1          if(++display_index >= 8)    display_index = 0;  //8位结束回0
 531   1      }
 532          
 533          
 534          /********************** Timer0 1ms中断函数 ************************/
 535          void timer0 (void) interrupt 1
 536          {
 537   1          DisplayScan();  //1ms扫描显示一位
 538   1          B_1ms = 1;      //1ms标志
 539   1      }
 540          
 541          
 542          //========================================================================
 543          // 函数: u16 Get_ADC12bitResult(u8 channel)
 544          // 描述: 查询法读一次ADC结果.
 545          // 参数: channel: 选择要转换的ADC.
 546          // 返回: 12位ADC结果.
 547          // 版本: V1.0, 2012-10-22
 548          //========================================================================
C51 COMPILER V9.59.0.0   COMPARATOR                                                        03/03/2021 17:22:17 PAGE 10  

 549          u16 Get_ADC12bitResult(u8 channel)  //channel = 0~15
 550          {
 551   1          ADC_RES = 0;
 552   1          ADC_RESL = 0;
 553   1      
 554   1          ADC_CONTR = (ADC_CONTR & 0xF0) | 0x40 | channel;    //启动 AD 转换
 555   1          _nop_();
 556   1          _nop_();
 557   1          _nop_();
 558   1          _nop_();
 559   1      
 560   1          while((ADC_CONTR & 0x20) == 0)  ;   //wait for ADC finish
 561   1          ADC_CONTR &= ~0x20;     //清除ADC结束标志
 562   1          return  (((u16)ADC_RES << 8) | ADC_RESL);
 563   1      }
 564          
 565          //========================================================================
 566          // 函数: UpdatePwm(u16 pwm_value)
 567          // 描述: 更新PWM值. 
 568          // 参数: pwm_value: pwm值, 这个值是输出高电平的时间.
 569          // 返回: none.
 570          // 版本: V1.0, 2012-11-22
 571          //========================================================================
 572          void UpdatePwm(u16 pwm_value)
 573          {
 574   1          P_SW2 |= 0x80;
 575   1          PWMB_CCR1H = 0; //设置占空比时间
 576   1          PWMB_CCR1L = pwm_value;
 577   1          P_SW2 &= 0x7f;
 578   1      }
 579          


MODULE INFORMATION:   STATIC OVERLAYABLE
   CODE SIZE        =    976    ----
   CONSTANT SIZE    =    229    ----
   XDATA SIZE       =    128    ----
   PDATA SIZE       =   ----    ----
   DATA SIZE        =     15       3
   IDATA SIZE       =   ----    ----
   BIT SIZE         =      2    ----
END OF MODULE INFORMATION.


C51 COMPILATION COMPLETE.  0 WARNING(S),  0 ERROR(S)
