A51 MACRO ASSEMBLER  WAKEUP_TIMER                                                         03/09/2021 15:52:51 PAGE     1


MACRO ASSEMBLER A51 V8.2.7.0
OBJECT MODULE PLACED IN wakeup_timer.OBJ
ASSEMBLER INVOKED BY: C:\Keil_v5\C51\BIN\A51.EXE wakeup_timer.asm SET(SMALL) DEBUG EP

LOC  OBJ            LINE     SOURCE

                       1     ;/*---------------------------------------------------------------------*/
                       2     ;/* --- STC MCU Limited ------------------------------------------------*/
                       3     ;/* --- STC 1T Series MCU Demo Programme -------------------------------*/
                       4     ;/* --- Mobile: (86)13922805190 ----------------------------------------*/
                       5     ;/* --- Fax: 86-0513-55012956,55012947,55012969 ------------------------*/
                       6     ;/* --- Tel: 86-0513-55012928,55012929,55012966 ------------------------*/
                       7     ;/* --- Web: www.STCMCU.com --------------------------------------------*/
                       8     ;/* --- Web: www.STCMCUDATA.com ----------------------------------------*/
                       9     ;/* --- QQ:  800003751 -------------------------------------------------*/
                      10     ;/* 如果要在程序中使用此代码,请在程序中注明使用了STC的资料及程序        */
                      11     ;/*---------------------------------------------------------------------*/
                      12     
                      13     
                      14     ;*************  功能说明    **************
                      15     
                      16     ;本例程基于STC8H8K64U为主控芯片的实验箱8进行编写测试，STC8G、STC8H系列芯片可通用参考.
                      17     
                      18     ;用STC的MCU的IO方式驱动8位数码管。
                      19     
                      20     ;显示效果为: 上电后显示+2秒计数, 然后睡眠2秒, 醒来再+2秒,一直重复.
                      21     
                      22     ;下载时, 选择时钟 24MHZ (用户可自行修改频率).
                      23     
                      24     ;******************************************
                      25     
                      26     ;****************************** 用户定义宏 ***********************************/
                      27     
  5DC0                28     Fosc_KHZ    EQU 24000   ;24000KHZ
                      29     
  00D0                30     STACK_POIRTER   EQU     0D0H    ; 堆栈开始地址
                      31     
  0020                32     DIS_DOT         EQU     020H
  0010                33     DIS_BLACK       EQU     010H
  0011                34     DIS_            EQU     011H
                      35     
                      36     ;*******************************************************************
                      37     ;*******************************************************************
                      38     
  008E                39     AUXR    DATA    08EH
  00C0                40     P4      DATA    0C0H
  00C8                41     P5      DATA    0C8H
  00E8                42     P6      DATA    0E8H
  00F8                43     P7      DATA    0F8H
                      44     
  00AA                45     WKTCL   DATA    0xAA    ; 唤醒定时器低字节
  00AB                46     WKTCH   DATA    0xAB    ; 唤醒定时器高字节
                      47     
  0093                48     P0M1    DATA    0x93    ; P0M1.n,P0M0.n     =00--->Standard,    01--->push-pull
  0094                49     P0M0    DATA    0x94    ;                   =10--->pure input,  11--->open drain
  0091                50     P1M1    DATA    0x91    ; P1M1.n,P1M0.n     =00--->Standard,    01--->push-pull
  0092                51     P1M0    DATA    0x92    ;                   =10--->pure input,  11--->open drain
  0095                52     P2M1    DATA    0x95    ; P2M1.n,P2M0.n     =00--->Standard,    01--->push-pull
  0096                53     P2M0    DATA    0x96    ;                   =10--->pure input,  11--->open drain
  00B1                54     P3M1    DATA    0xB1    ; P3M1.n,P3M0.n     =00--->Standard,    01--->push-pull
  00B2                55     P3M0    DATA    0xB2    ;                   =10--->pure input,  11--->open drain
  00B3                56     P4M1    DATA    0xB3    ; P4M1.n,P4M0.n     =00--->Standard,    01--->push-pull
  00B4                57     P4M0    DATA    0xB4    ;                   =10--->pure input,  11--->open drain
  00C9                58     P5M1    DATA    0xC9    ; P5M1.n,P5M0.n     =00--->Standard,    01--->push-pull
A51 MACRO ASSEMBLER  WAKEUP_TIMER                                                         03/09/2021 15:52:51 PAGE     2

  00CA                59     P5M0    DATA    0xCA    ;                   =10--->pure input,  11--->open drain
  00CB                60     P6M1    DATA    0xCB    ; P6M1.n,P6M0.n     =00--->Standard,    01--->push-pull
  00CC                61     P6M0    DATA    0xCC    ;                   =10--->pure input,  11--->open drain
  00E1                62     P7M1    DATA    0xE1    ;
  00E2                63     P7M0    DATA    0xE2    ;
                      64     
                      65     ;*************  IO口定义    **************/
                      66     
                      67     
                      68     ;*************  本地变量声明    **************/
  0030                69     LED8            DATA    30H     ; 显示缓冲 30H ~ 37H
  0038                70     display_index   DATA    38H     ; 显示位索引
                      71     
  0039                72     msecond_H       DATA    39H     ;
  003A                73     msecond_L       DATA    3AH     ;
                      74     
  003B                75     Test_cnt        DATA    3BH     ; 测试用的秒计数变量
  003C                76     SleepDelay      DATA    3CH     ; 唤醒后再进入睡眠所延时的时间
                      77     
                      78     
                      79     
                      80     ;*******************************************************************
                      81     ;*******************************************************************
0000                  82             ORG     0000H               ;reset
0000 020100           83             LJMP    F_Main
                      84     
                      85     
                      86     
                      87     ;*******************************************************************
                      88     ;*******************************************************************
                      89     
                      90     
                      91     ;******************** 主程序 **************************/
0100                  92             ORG     0100H       ;reset
0100                  93     F_Main:
0100 E4               94         CLR     A
0101 F593             95         MOV     P0M1, A     ;设置为准双向口
0103 F594             96         MOV     P0M0, A
0105 F591             97         MOV     P1M1, A     ;设置为准双向口
0107 F592             98         MOV     P1M0, A
0109 F595             99         MOV     P2M1, A     ;设置为准双向口
010B F596            100         MOV     P2M0, A
010D F5B1            101         MOV     P3M1, A     ;设置为准双向口
010F F5B2            102         MOV     P3M0, A
0111 F5B3            103         MOV     P4M1, A     ;设置为准双向口
0113 F5B4            104         MOV     P4M0, A
0115 F5C9            105         MOV     P5M1, A     ;设置为准双向口
0117 F5CA            106         MOV     P5M0, A
0119 F5CB            107         MOV     P6M1, A     ;设置为准双向口
011B F5CC            108         MOV     P6M0, A
011D F5E1            109         MOV     P7M1, A     ;设置为准双向口
011F F5E2            110         MOV     P7M0, A
                     111     
                     112         
0121 7581D0          113         MOV     SP, #STACK_POIRTER
0124 75D000          114         MOV     PSW, #0
                     115         USING   0       ;选择第0组R0~R7
                     116     
                     117     ;================= 用户初始化程序 ====================================
                     118     
0127 753800          119         MOV     display_index, #0
012A 7830            120         MOV     R0, #LED8
012C 7A08            121         MOV     R2, #8
012E                 122     L_ClearLoop:
012E 7610            123         MOV     @R0, #DIS_BLACK     ;上电消隐
0130 08              124         INC     R0
A51 MACRO ASSEMBLER  WAKEUP_TIMER                                                         03/09/2021 15:52:51 PAGE     3

0131 DAFB            125         DJNZ    R2, L_ClearLoop
                     126         
0133 753903          127         MOV     msecond_H, #HIGH 1000   ; 重装1000ms计数值
0136 753AE8          128         MOV     msecond_L, #LOW  1000
                     129         
0139 753C02          130         MOV     SleepDelay, #2  ; 2秒后睡眠
013C 753B00          131         MOV     Test_cnt, #0    ; 秒计数范围为0~255
013F 753200          132         MOV     LED8+2, #0
0142 753100          133         MOV     LED8+1, #0
0145 753000          134         MOV     LED8+0, #0
                     135     
                     136     ;=================== 主循环 ==================================
0148                 137     L_MainLoop:
0148 7401            138         MOV     A, #1           ;延时1ms
014A 120197          139         LCALL   F_delay_ms  
014D 1201E7          140         LCALL   F_DisplayScan
                     141     
0150 E53A            142         MOV     A, msecond_L        ; if(--msecond == 0), 1秒时间产生
0152 C3              143         CLR     C
0153 9401            144         SUBB    A, #1
0155 F53A            145         MOV     msecond_L, A
0157 E539            146         MOV     A, msecond_H
0159 9400            147         SUBB    A, #0
015B F539            148         MOV     msecond_H, A
015D 453A            149         ORL     A, msecond_L
015F 7033            150         JNZ     L_cnt1000_NotZero
0161 753903          151         MOV     msecond_H, #HIGH 1000   ; 重装1000ms计数值
0164 753AE8          152         MOV     msecond_L, #LOW  1000
                     153     
0167 053B            154         INC     Test_cnt    ; 显示秒计数+1
0169 E53B            155         MOV     A, Test_cnt
016B 75F064          156         MOV     B, #100
016E 84              157         DIV     AB
016F F532            158         MOV     LED8+2, A
0171 740A            159         MOV     A, #10
0173 C5F0            160         XCH     A,B
0175 84              161         DIV     AB
0176 F531            162         MOV     LED8+1, A
0178 85F030          163         MOV     LED8+0, B
                     164     
017B D53C16          165         DJNZ    SleepDelay, L_NotSleep
017E 753C02          166         MOV     SleepDelay, #2      ; 2秒后睡眠
                     167         
0181 75F8FF          168         MOV     P7,#0xff  ; 关闭显示
0184 75AAFF          169         MOV     WKTCL, #LOW  (4096-1)       ;32768 * SetTime / 16000,   重装值 = Fwkt/16 * SetT
                             ime/1000 = Fwkt * SetTime / 16000
0187 75AB8F          170         MOV     WKTCH, #(HIGH (4096-1)) OR 0x80 ; 或0x80 是允许唤醒定时器唤醒
                     171     
018A 438702          172         ORL     PCON, #0x02     ;Sleep
018D 00              173         NOP
018E 00              174         NOP
018F 00              175         NOP
0190 00              176         NOP
0191 00              177         NOP
0192 00              178         NOP
0193 00              179         NOP
0194                 180     L_NotSleep:
                     181     
0194                 182     L_cnt1000_NotZero:
                     183     
0194 020148          184         LJMP    L_MainLoop
                     185     
                     186     ;**********************************************/
                     187     
                     188     
                     189     ;========================================================================
A51 MACRO ASSEMBLER  WAKEUP_TIMER                                                         03/09/2021 15:52:51 PAGE     4

                     190     ; 函数: F_delay_ms
                     191     ; 描述: 延时子程序。
                     192     ; 参数: ACC: 延时ms数.
                     193     ; 返回: none.
                     194     ; 版本: VER1.0
                     195     ; 日期: 2013-4-1
                     196     ; 备注: 除了ACCC和PSW外, 所用到的通用寄存器都入栈
                     197     ;========================================================================
0197                 198     F_delay_ms:
0197 C002            199         PUSH    02H     ;入栈R2
0199 C003            200         PUSH    03H     ;入栈R3
019B C004            201         PUSH    04H     ;入栈R4
                     202     
019D FA              203         MOV     R2,A
                     204     
019E                 205     L_delay_ms_1:
019E 7B09            206         MOV     R3, #HIGH (Fosc_KHZ / 10)
01A0 7C60            207         MOV     R4, #LOW (Fosc_KHZ / 10)
                     208         
01A2                 209     L_delay_ms_2:
01A2 EC              210         MOV     A, R4           ;1T     Total 10T/loop
01A3 1C              211         DEC     R4              ;1T
01A4 7001            212         JNZ     L_delay_ms_3    ;3T
01A6 1B              213         DEC     R3
01A7                 214     L_delay_ms_3:
01A7 14              215         DEC     A               ;1T
01A8 4B              216         ORL     A, R3           ;1T
01A9 70F7            217         JNZ     L_delay_ms_2    ;3T
                     218         
01AB DAF1            219         DJNZ    R2, L_delay_ms_1
                     220     
01AD D004            221         POP     04H     ;出栈R2
01AF D003            222         POP     03H     ;出栈R3
01B1 D002            223         POP     02H     ;出栈R4
01B3 22              224         RET
                     225     
                     226     
                     227     ; *********************** 显示相关程序 ****************************************
01B4                 228     T_Display:                      ;标准字库
                     229     ;    0    1    2    3    4    5    6    7    8    9    A    B    C    D    E    F
01B4 3F065B4F        230     DB  03FH,006H,05BH,04FH,066H,06DH,07DH,007H,07FH,06FH,077H,07CH,039H,05EH,079H,071H
01B8 666D7D07                
01BC 7F6F777C                
01C0 395E7971                
                     231     ;  black  -    H    J    K    L    N    o    P    U    t    G    Q    r    M    y
01C4 0040761E        232     DB  000H,040H,076H,01EH,070H,038H,037H,05CH,073H,03EH,078H,03dH,067H,050H,037H,06EH
01C8 7038375C                
01CC 733E783D                
01D0 6750376E                
                     233     ;    0.   1.   2.   3.   4.   5.   6.   7.   8.   9.   -1
01D4 BF86DBCF        234     DB  0BFH,086H,0DBH,0CFH,0E6H,0EDH,0FDH,087H,0FFH,0EFH,046H
01D8 E6EDFD87                
01DC FFEF46                  
                     235     
01DF                 236     T_COM:
01DF 01020408        237     DB  001H,002H,004H,008H,010H,020H,040H,080H     ;   位码
01E3 10204080                
                     238     
                     239     
                     240     ;========================================================================
                     241     ; 函数: F_DisplayScan
                     242     ; 描述: 显示扫描子程序。
                     243     ; 参数: none.
                     244     ; 返回: none.
                     245     ; 版本: VER1.0
                     246     ; 日期: 2013-4-1
A51 MACRO ASSEMBLER  WAKEUP_TIMER                                                         03/09/2021 15:52:51 PAGE     5

                     247     ; 备注: 除了ACCC和PSW外, 所用到的通用寄存器都入栈
                     248     ;========================================================================
01E7                 249     F_DisplayScan:
01E7 C083            250         PUSH    DPH     ;DPH入栈
01E9 C082            251         PUSH    DPL     ;DPL入栈
01EB C000            252         PUSH    00H     ;R0 入栈
                     253         
01ED 9001DF          254         MOV     DPTR, #T_COM
01F0 E538            255         MOV     A, display_index
01F2 93              256         MOVC    A, @A+DPTR
01F3 F4              257         CPL     A
01F4 F5F8            258             MOV     P7,A
                     259         
01F6 9001B4          260         MOV     DPTR, #T_Display
01F9 E538            261         MOV     A, display_index
01FB 2430            262         ADD     A, #LED8
01FD F8              263         MOV     R0, A
01FE E6              264         MOV     A, @R0
01FF 93              265         MOVC    A, @A+DPTR
0200 F4              266         CPL     A
0201 F5E8            267             MOV     P6,A
                     268     
0203 0538            269         INC     display_index
0205 E538            270         MOV     A, display_index
0207 54F8            271         ANL     A, #0F8H            ; if(display_index >= 8)
0209 6003            272         JZ      L_QuitDisplayScan
020B 753800          273         MOV     display_index, #0;  ;8位结束回0
020E                 274     L_QuitDisplayScan:
020E D000            275         POP     00H     ;R0 出栈
0210 D082            276         POP     DPL     ;DPL出栈
0212 D083            277         POP     DPH     ;DPH出栈
0214 22              278         RET
                     279     
                     280     
                     281         END
                             
A51 MACRO ASSEMBLER  WAKEUP_TIMER                                                         03/09/2021 15:52:51 PAGE     6

SYMBOL TABLE LISTING
------ ----- -------


N A M E             T Y P E  V A L U E   ATTRIBUTES

AUXR . . . . . . .  D ADDR   008EH   A   
B. . . . . . . . .  D ADDR   00F0H   A   
DISPLAY_INDEX. . .  D ADDR   0038H   A   
DIS_ . . . . . . .  N NUMB   0011H   A   
DIS_BLACK. . . . .  N NUMB   0010H   A   
DIS_DOT. . . . . .  N NUMB   0020H   A   
DPH. . . . . . . .  D ADDR   0083H   A   
DPL. . . . . . . .  D ADDR   0082H   A   
FOSC_KHZ . . . . .  N NUMB   5DC0H   A   
F_DELAY_MS . . . .  C ADDR   0197H   A   
F_DISPLAYSCAN. . .  C ADDR   01E7H   A   
F_MAIN . . . . . .  C ADDR   0100H   A   
LED8 . . . . . . .  D ADDR   0030H   A   
L_CLEARLOOP. . . .  C ADDR   012EH   A   
L_CNT1000_NOTZERO.  C ADDR   0194H   A   
L_DELAY_MS_1 . . .  C ADDR   019EH   A   
L_DELAY_MS_2 . . .  C ADDR   01A2H   A   
L_DELAY_MS_3 . . .  C ADDR   01A7H   A   
L_MAINLOOP . . . .  C ADDR   0148H   A   
L_NOTSLEEP . . . .  C ADDR   0194H   A   
L_QUITDISPLAYSCAN.  C ADDR   020EH   A   
MSECOND_H. . . . .  D ADDR   0039H   A   
MSECOND_L. . . . .  D ADDR   003AH   A   
P0M0 . . . . . . .  D ADDR   0094H   A   
P0M1 . . . . . . .  D ADDR   0093H   A   
P1M0 . . . . . . .  D ADDR   0092H   A   
P1M1 . . . . . . .  D ADDR   0091H   A   
P2M0 . . . . . . .  D ADDR   0096H   A   
P2M1 . . . . . . .  D ADDR   0095H   A   
P3M0 . . . . . . .  D ADDR   00B2H   A   
P3M1 . . . . . . .  D ADDR   00B1H   A   
P4 . . . . . . . .  D ADDR   00C0H   A   
P4M0 . . . . . . .  D ADDR   00B4H   A   
P4M1 . . . . . . .  D ADDR   00B3H   A   
P5 . . . . . . . .  D ADDR   00C8H   A   
P5M0 . . . . . . .  D ADDR   00CAH   A   
P5M1 . . . . . . .  D ADDR   00C9H   A   
P6 . . . . . . . .  D ADDR   00E8H   A   
P6M0 . . . . . . .  D ADDR   00CCH   A   
P6M1 . . . . . . .  D ADDR   00CBH   A   
P7 . . . . . . . .  D ADDR   00F8H   A   
P7M0 . . . . . . .  D ADDR   00E2H   A   
P7M1 . . . . . . .  D ADDR   00E1H   A   
PCON . . . . . . .  D ADDR   0087H   A   
PSW. . . . . . . .  D ADDR   00D0H   A   
SLEEPDELAY . . . .  D ADDR   003CH   A   
SP . . . . . . . .  D ADDR   0081H   A   
STACK_POIRTER. . .  N NUMB   00D0H   A   
TEST_CNT . . . . .  D ADDR   003BH   A   
T_COM. . . . . . .  C ADDR   01DFH   A   
T_DISPLAY. . . . .  C ADDR   01B4H   A   
WKTCH. . . . . . .  D ADDR   00ABH   A   
WKTCL. . . . . . .  D ADDR   00AAH   A   


REGISTER BANK(S) USED: 0 


ASSEMBLY COMPLETE.  0 WARNING(S), 0 ERROR(S)
