C51 COMPILER V9.59.0.0   DELAY                                                             02/08/2021 11:44:58 PAGE 1   


C51 COMPILER V9.59.0.0, COMPILATION OF MODULE DELAY
OBJECT MODULE PLACED IN .\Out_File\delay.obj
COMPILER INVOKED BY: C:\Keil_v5\C51\BIN\C51.EXE ..\Libraries\delay.c LARGE OPTIMIZE(8,SPEED) BROWSE INCDIR(..\Device;..\
                    -Libraries) DEBUG OBJECTEXTEND PRINT(.\delay.lst) TABS(2) OBJECT(.\Out_File\delay.obj)

line level    source

   1          /*************  技术支持与购买说明    **************
   2          产品主页：http://tw51.haohaodada.com
   3          淘宝搜索：天问51，可购买。目前基础版99元，带彩屏标准备版149元
   4          技术支持QQ群一：1138055784
   5          ******************************************/
   6          
   7          
   8          #include "delay.h"
   9          #include "intrins.h"
  10          //========================================================================
  11          // 描述: 延迟1微秒.
  12          // 参数: none.
  13          // 返回: none.
  14          //========================================================================
  15          void delay1us()   //@24.000MHz
  16          {
  17   1        uint8 i;
  18   1      
  19   1        i = 6;
  20   1        while (--i);
  21   1      }
  22          //========================================================================
  23          // 描述: 延迟5微秒.
  24          // 参数: none.
  25          // 返回: none.
  26          //========================================================================
  27          void delay5us()   //@24.000MHz
  28          {
  29   1        uint8 i;
  30   1      
  31   1        i = 38;
  32   1        while (--i);
  33   1      }
  34          
  35          //========================================================================
  36          // 描述: 延迟10微秒.
  37          // 参数: none.
  38          // 返回: none.
  39          //========================================================================
  40          void delay10us()    //@24.000MHz
  41          {
  42   1        uint8 i;
  43   1      
  44   1        i = 78;
  45   1        while (--i);
  46   1      }
  47          
  48          //========================================================================
  49          // 描述: 延迟50微秒.
  50          // 参数: none.
  51          // 返回: none.
  52          //========================================================================
  53          void delay50us()    //@24.000MHz
  54          {
C51 COMPILER V9.59.0.0   DELAY                                                             02/08/2021 11:44:58 PAGE 2   

  55   1        uint8 i, j;
  56   1      
  57   1        _nop_();
  58   1        i = 2;
  59   1        j = 140;
  60   1        do
  61   1        {
  62   2          while (--j);
  63   2        } while (--i);
  64   1      }
  65          
  66          //========================================================================
  67          // 描述: 延迟100微秒.
  68          // 参数: none.
  69          // 返回: none.
  70          //========================================================================
  71          void delay100us()   //@24.000MHz
  72          {
  73   1        uint8 i, j;
  74   1      
  75   1        i = 4;
  76   1        j = 27;
  77   1        do
  78   1        {
  79   2          while (--j);
  80   2        } while (--i);
  81   1      }
  82          
  83          //========================================================================
  84          // 描述: 延迟1毫秒.
  85          // 参数: none.
  86          // 返回: none.
  87          //========================================================================
  88          void delay1ms() //1毫秒@24.000MHz
  89          {
  90   1        uint8 i, j;
  91   1        _nop_();
  92   1        i = 32;
  93   1        j = 40;
  94   1        do { while (--j);} while (--i);
  95   1      }
  96          
  97          //========================================================================
  98          // 描述: 延迟指定毫秒.
  99          // 参数: 延迟时间（0-65535）.
 100          // 返回: none.
 101          //========================================================================
 102          void delay(uint16 time)
 103          {
 104   1        do { delay1ms();} while (--time);
 105   1      }
 106          


MODULE INFORMATION:   STATIC OVERLAYABLE
   CODE SIZE        =     61    ----
   CONSTANT SIZE    =   ----    ----
   XDATA SIZE       =   ----    ----
   PDATA SIZE       =   ----    ----
   DATA SIZE        =   ----    ----
   IDATA SIZE       =   ----    ----
   BIT SIZE         =   ----    ----
C51 COMPILER V9.59.0.0   DELAY                                                             02/08/2021 11:44:58 PAGE 3   

END OF MODULE INFORMATION.


C51 COMPILATION COMPLETE.  0 WARNING(S),  0 ERROR(S)
