C51 COMPILER V9.59.0.0   LED8                                                              02/08/2021 11:44:59 PAGE 1   


C51 COMPILER V9.59.0.0, COMPILATION OF MODULE LED8
OBJECT MODULE PLACED IN .\Out_File\led8.obj
COMPILER INVOKED BY: C:\Keil_v5\C51\BIN\C51.EXE ..\Device\led8.c LARGE OPTIMIZE(8,SPEED) BROWSE INCDIR(..\Device;..\Libr
                    -aries) DEBUG OBJECTEXTEND PRINT(.\led8.lst) TABS(2) OBJECT(.\Out_File\led8.obj)

line level    source

   1          
   2          
   3          /*************  技术支持与购买说明    **************
   4          产品主页：http://tw51.haohaodada.com
   5          淘宝搜索：天问51，可购买。目前基础版99元，带彩屏标准备版149元
   6          技术支持QQ群一：1138055784
   7          ******************************************/
   8          #include "led8.h"
   9          
  10          //========================================================================
  11          // 描述: 使能LED.
  12          // 参数: none.
  13          // 返回: none.
  14          //========================================================================
  15          void led8_enable()
  16          {
  17   1          LED8_CONTROL_MODE;//推挽输出
  18   1          LED8_CONTROL_PIN = 0;
  19   1      }
  20          
  21          //========================================================================
  22          // 描述: 禁用LED.
  23          // 参数: none.
  24          // 返回: none.
  25          //========================================================================
  26          void led8_disable()
  27          {
  28   1          LED8_CONTROL_MODE;//推挽输出
  29   1          LED8_CONTROL_PIN = 1;
  30   1      }


MODULE INFORMATION:   STATIC OVERLAYABLE
   CODE SIZE        =     18    ----
   CONSTANT SIZE    =   ----    ----
   XDATA SIZE       =   ----    ----
   PDATA SIZE       =   ----    ----
   DATA SIZE        =   ----    ----
   IDATA SIZE       =   ----    ----
   BIT SIZE         =   ----    ----
END OF MODULE INFORMATION.


C51 COMPILATION COMPLETE.  0 WARNING(S),  0 ERROR(S)
