C51 COMPILER V9.59.0.0   MAIN                                                              02/08/2021 11:44:58 PAGE 1   


C51 COMPILER V9.59.0.0, COMPILATION OF MODULE MAIN
OBJECT MODULE PLACED IN .\Out_File\Main.obj
COMPILER INVOKED BY: C:\Keil_v5\C51\BIN\C51.EXE ..\User\Main.c LARGE OPTIMIZE(8,SPEED) BROWSE INCDIR(..\Device;..\Librar
                    -ies) DEBUG OBJECTEXTEND PRINT(.\Main.lst) TABS(2) OBJECT(.\Out_File\Main.obj)

line level    source

   1          /*---------------------------------------------------------------------*/
   2          /* --- STC MCU Limited ------------------------------------------------*/
   3          /* --- STC 1T Series MCU Demo Programme -------------------------------*/
   4          /* --- Mobile: (86)13922805190 ----------------------------------------*/
   5          /* --- Fax: 86-0513-55012956,55012947,55012969 ------------------------*/
   6          /* --- Tel: 86-0513-55012928,55012929,55012966 ------------------------*/
   7          /* --- Web: www.STCMCU.com --------------------------------------------*/
   8          /* --- Web: www.STCMCUDATA.com  ---------------------------------------*/
   9          /* --- QQ:  800003751 -------------------------------------------------*/
  10          /* 如果要在程序中使用此代码,请在程序中注明使用了STC的资料及程序        */
  11          /*---------------------------------------------------------------------*/
  12          
  13          
  14          /*************  技术支持与购买说明    **************
  15          产品主页：http://tw51.haohaodada.com
  16          淘宝搜索：天问51，可购买。目前基础版99元，带彩屏标准备版149元
  17          技术支持QQ群一：1138055784
  18          ******************************************/
  19          
  20          
  21          /*************  本程序功能说明  **************
  22          
  23          TFT彩屏触摸校准加简易手写板程序
  24          下载时, 选择时钟 24MHZ (用户可自行修改频率).
  25          
  26          ******************************************/
  27          #include "sys.h"
  28          #include "hc595.h"
  29          #include "led8.h"
  30          #include "delay.h"
  31          #include "tftlcd.h"
  32          #include "touch.h"
  33          
  34          uint8 BOXSIZE=40;
  35          void wrsb()
  36          {
  37   1          tft_lcd_fill(0, 0, BOXSIZE, BOXSIZE, TFT_LCD_RED);
  38   1          tft_lcd_fill(BOXSIZE, 0, BOXSIZE*2, BOXSIZE, TFT_LCD_YELLOW);
  39   1          tft_lcd_fill(BOXSIZE*2, 0, BOXSIZE*3, BOXSIZE, TFT_LCD_GREEN);
  40   1          tft_lcd_fill(BOXSIZE*3, 0, BOXSIZE*4, BOXSIZE, TFT_LCD_CYAN);
  41   1          tft_lcd_fill(BOXSIZE*4, 0, BOXSIZE*5, BOXSIZE, TFT_LCD_BLUE);
  42   1          tft_lcd_fill(BOXSIZE*5, 0, BOXSIZE*6, BOXSIZE, TFT_LCD_MAGENTA);
  43   1      }
  44          
  45          uint16 bicolor=TFT_LCD_RED;
  46          uint16 *t;
  47          uint16 pp_x=0,pp_y=0,pp_z=0;
  48          /********************** 主函数 ************************/
  49          void main(void)
  50          {
  51   1      //    led8_disable();         //LED Power OFF
  52   1      //    hc595_init(); 
  53   1      //    hc595_disable();
  54   1        
C51 COMPILER V9.59.0.0   MAIN                                                              02/08/2021 11:44:58 PAGE 2   

  55   1          tft_lcd_init();   //彩屏初始化
  56   1          tft_lcd_set_windows(0,0,239,319);
  57   1        
  58   1          touch_init(1);
  59   1          wrsb();
  60   1        
  61   1          while(1)
  62   1          {
  63   2              t = touch_get_point();
  64   2              pp_x = *t;
  65   2              pp_y = *(t+1);
  66   2              pp_z = *(t+2);
  67   2              if(bicolor==TFT_LCD_RED){
  68   3                tft_lcd_draw_rectangle(1,1,39,39,TFT_LCD_RED); 
  69   3              }
  70   2              else if(bicolor==TFT_LCD_YELLOW)
  71   2              {
  72   3                tft_lcd_draw_rectangle(41,1,79,39,TFT_LCD_YELLOW);  
  73   3              }
  74   2              else if(bicolor==TFT_LCD_GREEN)
  75   2              {
  76   3                tft_lcd_draw_rectangle(81,1,119,39,TFT_LCD_YELLOW);  
  77   3              }
  78   2              else if(bicolor==TFT_LCD_CYAN)
  79   2              {
  80   3                tft_lcd_draw_rectangle(121,1,159,39,TFT_LCD_CYAN);  
  81   3              }
  82   2              else if(bicolor==TFT_LCD_BLUE)
  83   2              {
  84   3                tft_lcd_draw_rectangle(161,1,199,39,TFT_LCD_BLUE);  
  85   3              }
  86   2              else if(bicolor==TFT_LCD_MAGENTA)
  87   2              {
  88   3                tft_lcd_draw_rectangle(201,1,239,39,TFT_LCD_MAGENTA);  
  89   3              }
  90   2              if(pp_x>0&&pp_x<40&&pp_y>0&&pp_y<40)
  91   2              {
  92   3                  wrsb();
  93   3                  bicolor=TFT_LCD_RED;
  94   3              }
  95   2              else if(pp_x>40&&pp_x<80&&pp_y>0&&pp_y<40)
  96   2              {
  97   3                  wrsb();
  98   3                  bicolor=TFT_LCD_YELLOW;        
  99   3              }
 100   2              else if(pp_x>80&&pp_x<120&&pp_y>0&&pp_y<40)
 101   2              {
 102   3                  wrsb();
 103   3                  bicolor=TFT_LCD_GREEN;           
 104   3              }
 105   2              else if(pp_x>120&&pp_x<160&&pp_y>0&&pp_y<40)
 106   2              {
 107   3                  wrsb();
 108   3                  bicolor=TFT_LCD_CYAN;           
 109   3              }
 110   2              else if(pp_x>160&&pp_x<200&&pp_y>0&&pp_y<40)
 111   2              {
 112   3                  wrsb();
 113   3                  bicolor=TFT_LCD_BLUE;           
 114   3              }
 115   2              else if(pp_x>200&&pp_x<240&&pp_y>0&&pp_y<40)
 116   2              {
C51 COMPILER V9.59.0.0   MAIN                                                              02/08/2021 11:44:58 PAGE 3   

 117   3                  wrsb();
 118   3                  bicolor=TFT_LCD_MAGENTA;           
 119   3              }
 120   2              else if(pp_y>40&&pp_y<319&&pp_x>20&&pp_x<239&&pp_z > 1000)
 121   2              {
 122   3                  tft_lcd_fill(pp_x, pp_y, pp_x+2,pp_y+2, bicolor);
 123   3              }
 124   2          }
 125   1      } 
 126          
 127          
 128          
 129          
 130          


MODULE INFORMATION:   STATIC OVERLAYABLE
   CODE SIZE        =   1101    ----
   CONSTANT SIZE    =   ----    ----
   XDATA SIZE       =     12    ----
   PDATA SIZE       =   ----    ----
   DATA SIZE        =   ----    ----
   IDATA SIZE       =   ----    ----
   BIT SIZE         =   ----    ----
END OF MODULE INFORMATION.


C51 COMPILATION COMPLETE.  0 WARNING(S),  0 ERROR(S)
