C51 COMPILER V9.59.0.0   SYS                                                               02/08/2021 11:44:59 PAGE 1   


C51 COMPILER V9.59.0.0, COMPILATION OF MODULE SYS
OBJECT MODULE PLACED IN .\Out_File\sys.obj
COMPILER INVOKED BY: C:\Keil_v5\C51\BIN\C51.EXE ..\Libraries\sys.c LARGE OPTIMIZE(8,SPEED) BROWSE INCDIR(..\Device;..\Li
                    -braries) DEBUG OBJECTEXTEND PRINT(.\sys.lst) TABS(2) OBJECT(.\Out_File\sys.obj)

line level    source

   1          
   2          /*************  技术支持与购买说明    **************
   3          产品主页：http://tw51.haohaodada.com
   4          淘宝搜索：天问51，可购买。目前基础版99元，带彩屏标准备版149元
   5          技术支持QQ群一：1138055784
   6          ******************************************/
   7          
   8          #include "sys.h"


MODULE INFORMATION:   STATIC OVERLAYABLE
   CODE SIZE        =   ----    ----
   CONSTANT SIZE    =   ----    ----
   XDATA SIZE       =   ----    ----
   PDATA SIZE       =   ----    ----
   DATA SIZE        =   ----    ----
   IDATA SIZE       =   ----    ----
   BIT SIZE         =   ----    ----
END OF MODULE INFORMATION.


C51 COMPILATION COMPLETE.  0 WARNING(S),  0 ERROR(S)
