A51 MACRO ASSEMBLER  TIMER                                                                03/01/2021 13:59:36 PAGE     1


MACRO ASSEMBLER A51 V8.2.7.0
OBJECT MODULE PLACED IN TIMER.OBJ
ASSEMBLER INVOKED BY: C:\Keil_v5\C51\BIN\A51.EXE TIMER.asm SET(SMALL) DEBUG EP

LOC  OBJ            LINE     SOURCE

                       1     ;/*---------------------------------------------------------------------*/
                       2     ;/* --- STC MCU Limited ------------------------------------------------*/
                       3     ;/* --- STC 1T Series MCU Demo Programme -------------------------------*/
                       4     ;/* --- Mobile: (86)13922805190 ----------------------------------------*/
                       5     ;/* --- Fax: 86-0513-55012956,55012947,55012969 ------------------------*/
                       6     ;/* --- Tel: 86-0513-55012928,55012929,55012966 ------------------------*/
                       7     ;/* --- Web: www.STCMCU.com --------------------------------------------*/
                       8     ;/* --- Web: www.STCMCUDATA.com ----------------------------------------*/
                       9     ;/* --- QQ:  800003751 -------------------------------------------------*/
                      10     ;/* 如果要在程序中使用此代码,请在程序中注明使用了STC的资料及程序        */
                      11     ;/*---------------------------------------------------------------------*/
                      12     
                      13     
                      14     ;*************  功能说明    **************
                      15     
                      16     ; 本例程基于STC8H8K64U为主控芯片的实验箱8进行编写测试，STC8G、STC8H系列芯片可通用参考.
                      17     
                      18     ; 本程序演示5个定时器的使用, 本例程均使用16位自动重装.
                      19     
                      20     ; 下载时, 选择时钟 24MHZ (用户可自行修改频率).
                      21     
                      22     ; 定时器0做16位自动重装, 中断频率为1000HZ，中断函数从P6.7取反输出500HZ方波信号.
                      23     
                      24     ; 定时器1做16位自动重装, 中断频率为2000HZ，中断函数从P6.6取反输出1000HZ方波信号.
                      25     
                      26     ; 定时器2做16位自动重装, 中断频率为3000HZ，中断函数从P6.5取反输出1500HZ方波信号.
                      27     
                      28     ; 定时器3做16位自动重装, 中断频率为4000HZ，中断函数从P6.4取反输出2000HZ方波信号.
                      29     
                      30     ; 定时器4做16位自动重装, 中断频率为5000HZ，中断函数从P6.3取反输出2500HZ方波信号.
                      31     
                      32     ;******************************************/
                      33     
                      34     ;/****************************** 用户定义宏 ***********************************/
                      35     
                      36     
  5DC0                37     Fosc_KHZ    EQU 24000   ;24000KHZ
                      38     
  00D0                39     STACK_POIRTER   EQU     0D0H    ;堆栈开始地址
                      40     
                      41     
                      42     ;*******************************************************************
                      43     ;*******************************************************************
  0093                44     P0M1    DATA    0x93    ; P0M1.n,P0M0.n     =00--->Standard,    01--->push-pull
  0094                45     P0M0    DATA    0x94    ;                   =10--->pure input,  11--->open drain
  0091                46     P1M1    DATA    0x91    ; P1M1.n,P1M0.n     =00--->Standard,    01--->push-pull
  0092                47     P1M0    DATA    0x92    ;                   =10--->pure input,  11--->open drain
  0095                48     P2M1    DATA    0x95    ; P2M1.n,P2M0.n     =00--->Standard,    01--->push-pull
  0096                49     P2M0    DATA    0x96    ;                   =10--->pure input,  11--->open drain
  00B1                50     P3M1    DATA    0xB1    ; P3M1.n,P3M0.n     =00--->Standard,    01--->push-pull
  00B2                51     P3M0    DATA    0xB2    ;                   =10--->pure input,  11--->open drain
  00B3                52     P4M1    DATA    0xB3    ; P4M1.n,P4M0.n     =00--->Standard,    01--->push-pull
  00B4                53     P4M0    DATA    0xB4    ;                   =10--->pure input,  11--->open drain
  00C9                54     P5M1    DATA    0xC9    ; P5M1.n,P5M0.n     =00--->Standard,    01--->push-pull
  00CA                55     P5M0    DATA    0xCA    ;                   =10--->pure input,  11--->open drain
  00CB                56     P6M1    DATA    0xCB    ; P6M1.n,P6M0.n     =00--->Standard,    01--->push-pull
  00CC                57     P6M0    DATA    0xCC    ;                   =10--->pure input,  11--->open drain
  00E1                58     P7M1    DATA    0xE1    ;
A51 MACRO ASSEMBLER  TIMER                                                                03/01/2021 13:59:36 PAGE     2

  00E2                59     P7M0    DATA    0xE2    ;
                      60     
  008E                61     AUXR    DATA    08EH
  008F                62     INT_CLKO DATA   0x8F
  00AF                63     IE2     DATA    0xAF
                      64     
  00D1                65     T4T3M   DATA    0xD1
  00D2                66     T4H     DATA    0xD2
  00D3                67     T4L     DATA    0xD3
  00D4                68     T3H     DATA    0xD4
  00D5                69     T3L     DATA    0xD5
  00D6                70     T2H     DATA    0xD6
  00D7                71     T2L     DATA    0xD7
                      72     
  00C0                73     P4      DATA    0xC0
  00C8                74     P5      DATA    0C8H
  00E8                75     P6      DATA    0E8H
  00F8                76     P7      DATA    0F8H
                      77     
                      78     
                      79     ;*******************************************************************
                      80     ;*******************************************************************
0000                  81             ORG     0000H               ;reset
0000 020100           82             LJMP    F_Main
                      83     
000B                  84             ORG     000BH               ;1  Timer0 interrupt
000B 0201C0           85             LJMP    F_Timer0_Interrupt
                      86     
001B                  87             ORG     001BH               ;3  Timer1 interrupt
001B 0201CB           88             LJMP    F_Timer1_Interrupt
                      89     
0063                  90             ORG     0063H               ;12  Timer2 interrupt
0063 0201D6           91             LJMP    F_Timer2_Interrupt
                      92     
009B                  93             ORG     009BH               ;19  Timer3 interrupt
009B 0201E1           94             LJMP    F_Timer3_Interrupt
                      95     
00A3                  96             ORG     00A3H               ;20  Timer4 interrupt
00A3 0201EC           97             LJMP    F_Timer4_Interrupt
                      98     
                      99     ;*******************************************************************
                     100     ;*******************************************************************
                     101     
                     102     
                     103     
                     104     
                     105     ;******************** 主程序 **************************/
0100                 106             ORG     0100H       ;reset
0100                 107     F_Main:
0100 E4              108         CLR     A
0101 F593            109         MOV     P0M1, A     ;设置为准双向口
0103 F594            110         MOV     P0M0, A
0105 F591            111         MOV     P1M1, A     ;设置为准双向口
0107 F592            112         MOV     P1M0, A
0109 F595            113         MOV     P2M1, A     ;设置为准双向口
010B F596            114         MOV     P2M0, A
010D F5B1            115         MOV     P3M1, A     ;设置为准双向口
010F F5B2            116         MOV     P3M0, A
0111 F5B3            117         MOV     P4M1, A     ;设置为准双向口
0113 F5B4            118         MOV     P4M0, A
0115 F5C9            119         MOV     P5M1, A     ;设置为准双向口
0117 F5CA            120         MOV     P5M0, A
0119 F5CB            121         MOV     P6M1, A     ;设置为准双向口
011B F5CC            122         MOV     P6M0, A
011D F5E1            123         MOV     P7M1, A     ;设置为准双向口
011F F5E2            124         MOV     P7M0, A
A51 MACRO ASSEMBLER  TIMER                                                                03/01/2021 13:59:36 PAGE     3

                     125     
                     126         
0121 7581D0          127         MOV     SP, #STACK_POIRTER
0124 75D000          128         MOV     PSW, #0
                     129         USING   0       ;选择第0组R0~R7
                     130     
                     131     ;================= 用户初始化程序 ====================================
                     132     
0127 12013D          133         LCALL   F_Timer0_init
012A 120159          134         LCALL   F_Timer1_init
012D 120175          135         LCALL   F_Timer2_init
0130 12018E          136         LCALL   F_Timer3_init
0133 1201A7          137         LCALL   F_Timer4_init
0136 D2AF            138         SETB    EA
                     139         
0138 C2C0            140         CLR     P4.0        ;LED Power On
                     141     
                     142     ;=================== 主循环 ==================================
013A                 143     L_Main_Loop:
                     144     
013A 02013A          145         LJMP    L_Main_Loop
                     146     
                     147     ;**********************************************/
                     148     
                     149     ;========================================================================
                     150     ; 函数: F_Timer0_init
                     151     ; 描述: timer0初始化函数.
                     152     ; 参数: none.
                     153     ; 返回: none.
                     154     ; 版本: V1.0, 2015-1-12
                     155     ;========================================================================
013D                 156     F_Timer0_init:
013D C28C            157         CLR     TR0 ; 停止计数
013F D2A9            158         SETB    ET0 ; 允许中断
                     159     ;   SETB    PT0 ; 高优先级中断
0141 5389FC          160         ANL     TMOD, #NOT 0x03     ;
0144 438900          161         ORL     TMOD, #0            ; 工作模式, 0: 16位自动重装, 1: 16位定时/计数, 2: 8位自动重
                             装, 3: 16位自动重装, 不可屏蔽中断
                     162     ;   ORL     TMOD, #0x04         ; 对外计数或分频
0147 5389FB          163         ANL     TMOD, #NOT 0x04     ; 定时
                     164     ;   ORL     INT_CLKO, #0x01     ; 输出时钟
014A 538FFE          165         ANL     INT_CLKO, #NOT 0x01 ; 不输出时钟
                     166     
                     167     ;   ANL     AUXR, #NOT 0x80     ; 12T mode
014D 438E80          168         ORL     AUXR, #0x80         ; 1T mode
0150 758CA2          169         MOV     TH0, #HIGH (-Fosc_KHZ) ; - 24000000 / 1000
0153 758A40          170         MOV     TL0, #LOW  (-Fosc_KHZ) ;
0156 D28C            171         SETB    TR0 ; 开始运行
0158 22              172         RET
                     173     
                     174     
                     175     ;========================================================================
                     176     ; 函数: F_Timer1_init
                     177     ; 描述: timer1初始化函数.
                     178     ; 参数: none.
                     179     ; 返回: none.
                     180     ; 版本: V1.0, 2015-1-12
                     181     ;========================================================================
0159                 182     F_Timer1_init:
0159 C28E            183         CLR     TR1 ; 停止计数
015B D2AB            184         SETB    ET1 ; 允许中断
                     185     ;   SETB    PT1 ; 高优先级中断
015D 5389CF          186         ANL     TMOD, #NOT 0x30     ;
0160 438900          187         ORL     TMOD, #(0 SHL 4)    ; 工作模式, 0: 16位自动重装, 1: 16位定时/计数, 2: 8位自动重
                             装, 3: 16位自动重装, 不可屏蔽中断
                     188     ;   ORL     TMOD, #0x40         ; 对外计数或分频
A51 MACRO ASSEMBLER  TIMER                                                                03/01/2021 13:59:36 PAGE     4

0163 5389BF          189         ANL     TMOD, #NOT 0x40     ; 定时
                     190     ;   ORL     INT_CLKO, #0x02     ; 输出时钟
0166 538FFD          191         ANL     INT_CLKO, #NOT 0x02 ; 不输出时钟
                     192     
                     193     ;   ANL     AUXR, #NOT 0x40     ; 12T mode
0169 438E40          194         ORL     AUXR, #0x40         ; 1T mode
016C 758DD1          195         MOV     TH1, #HIGH (-(Fosc_KHZ / 2)) ; - 24000000 / 2000
016F 758B20          196         MOV     TL1, #LOW  (-(Fosc_KHZ / 2)) ;
0172 D28E            197         SETB    TR1 ; 开始运行
0174 22              198         RET
                     199     
                     200     ;========================================================================
                     201     ; 函数: F_Timer2_init
                     202     ; 描述: timer2初始化函数.
                     203     ; 参数: none.
                     204     ; 返回: none.
                     205     ; 版本: V1.0, 2015-1-12
                     206     ;========================================================================
0175                 207     F_Timer2_init:
0175 538EE3          208         ANL     AUXR, #NOT 0x1c     ; 停止计数, 定时模式, 12T模式
                     209     
                     210     ;   ANL     IE2, #NOT (1 SHL 2) ; 禁止中断
0178 43AF04          211         ORL     IE2, #(1 SHL 2)     ; 允许中断
                     212     ;   ORL     INT_CLKO, #0x04     ; 输出时钟
017B 538FFB          213         ANL     INT_CLKO, #NOT 0x04 ; 不输出时钟
                     214     
                     215     ;   ORL     AUXR, #(1 SHL 3)    ; 对外计数或分频
                     216     ;   ORL     INT_CLKO, #0x02     ; 输出时钟
017E 538FFD          217         ANL     INT_CLKO, #NOT 0x02 ; 不输出时钟
                     218     
0181 438E04          219         ORL     AUXR, #(1 SHL 2)    ; 1T mode
0184 75D6E0          220         MOV     T2H, #HIGH (-(Fosc_KHZ / 3))  ; - 24000000 / 3000
0187 75D7C0          221         MOV     T2L, #LOW  (-(Fosc_KHZ / 3))  ;
                     222     
018A 438E10          223         ORL     AUXR, #(1 SHL 4)    ; 开始运行
018D 22              224         RET
                     225     
                     226     ;========================================================================
                     227     ; 函数: F_Timer3_init
                     228     ; 描述: timer3初始化函数.
                     229     ; 参数: none.
                     230     ; 返回: none.
                     231     ; 版本: V1.0, 2015-1-12
                     232     ;========================================================================
018E                 233     F_Timer3_init:
018E 53D1F0          234         ANL     T4T3M, #NOT 0x0F    ; 停止计数, 定时模式, 12T模式
                     235     
                     236     ;   ANL     IE2, #NOT (1 SHL 5) ; 禁止中断
0191 43AF20          237         ORL     IE2, #(1 SHL 5)     ; 允许中断
                     238     ;   ORL     T4T3M, #0x01        ; 输出时钟
0194 53D1FE          239         ANL     T4T3M, #NOT 0x01    ; 不输出时钟
                     240     
                     241     ;   ORL     T4T3M, #(1 SHL 2)   ; 对外计数或分频
                     242     ;   ORL     INT_CLKO, #0x02     ; 输出时钟
0197 538FFD          243         ANL     INT_CLKO, #NOT 0x02 ; 不输出时钟
                     244     
019A 43D102          245         ORL     T4T3M, #(1 SHL 1)   ; 1T mode
019D 75D4E8          246         MOV     T3H, #HIGH (-(Fosc_KHZ / 4))  ; - 24000000 / 4000
01A0 75D590          247         MOV     T3L, #LOW  (-(Fosc_KHZ / 4))  ;
                     248     
01A3 43D108          249         ORL     T4T3M, #(1 SHL 3)   ; 开始运行
01A6 22              250         RET
                     251     
                     252     ;========================================================================
                     253     ; 函数: F_Timer4_init
                     254     ; 描述: timer4初始化函数.
A51 MACRO ASSEMBLER  TIMER                                                                03/01/2021 13:59:36 PAGE     5

                     255     ; 参数: none.
                     256     ; 返回: none.
                     257     ; 版本: V1.0, 2015-1-12
                     258     ;========================================================================
01A7                 259     F_Timer4_init:
01A7 53D10F          260         ANL     T4T3M, #NOT 0xF0    ; 停止计数, 定时模式, 12T模式
                     261     
                     262     ;   ANL     IE2, #NOT (1 SHL 6) ; 禁止中断
01AA 43AF40          263         ORL     IE2, #(1 SHL 6)     ; 允许中断
                     264     ;   ORL     T4T3M, #0x10        ; 输出时钟
01AD 53D1EF          265         ANL     T4T3M, #NOT 0x10    ; 不输出时钟
                     266     
                     267     ;   ORL     T4T3M, #(1 SHL 6)   ; 对外计数或分频
                     268     ;   ORL     INT_CLKO, #0x02     ; 输出时钟
01B0 538FFD          269         ANL     INT_CLKO, #NOT 0x02 ; 不输出时钟
                     270     
01B3 43D120          271         ORL     T4T3M, #(1 SHL 5)   ; 1T mode
01B6 75D2ED          272         MOV     T4H, #HIGH (-(Fosc_KHZ / 5))  ; - 24000000 / 5000
01B9 75D340          273         MOV     T4L, #LOW  (-(Fosc_KHZ / 5))  ;
                     274     
01BC 43D180          275         ORL     T4T3M, #(1 SHL 7)   ; 开始运行
01BF 22              276         RET
                     277     
                     278     
                     279     ;**************** 中断函数 ***************************************************
01C0                 280     F_Timer0_Interrupt: ;Timer0 中断函数
01C0 C0D0            281         PUSH    PSW     ;PSW入栈
01C2 C0E0            282         PUSH    ACC     ;ACC入栈
                     283     
01C4 B2EF            284         CPL     P6.7
                     285     
01C6 D0E0            286         POP     ACC     ;ACC出栈
01C8 D0D0            287         POP     PSW     ;PSW出栈
01CA 32              288         RETI
                     289         
01CB                 290     F_Timer1_Interrupt: ;Timer1 中断函数
01CB C0D0            291         PUSH    PSW     ;PSW入栈
01CD C0E0            292         PUSH    ACC     ;ACC入栈
                     293     
01CF B2EE            294         CPL     P6.6
                     295     
01D1 D0E0            296         POP     ACC     ;ACC出栈
01D3 D0D0            297         POP     PSW     ;PSW出栈
01D5 32              298         RETI
                     299         
01D6                 300     F_Timer2_Interrupt: ;Timer2 中断函数
01D6 C0D0            301         PUSH    PSW     ;PSW入栈
01D8 C0E0            302         PUSH    ACC     ;ACC入栈
                     303     
01DA B2ED            304         CPL     P6.5
                     305     
01DC D0E0            306         POP     ACC     ;ACC出栈
01DE D0D0            307         POP     PSW     ;PSW出栈
01E0 32              308         RETI
                     309         
01E1                 310     F_Timer3_Interrupt: ;Timer3 中断函数
01E1 C0D0            311         PUSH    PSW     ;PSW入栈
01E3 C0E0            312         PUSH    ACC     ;ACC入栈
                     313     
01E5 B2EC            314         CPL     P6.4
                     315     
01E7 D0E0            316         POP     ACC     ;ACC出栈
01E9 D0D0            317         POP     PSW     ;PSW出栈
01EB 32              318         RETI
                     319         
01EC                 320     F_Timer4_Interrupt: ;Timer4 中断函数
A51 MACRO ASSEMBLER  TIMER                                                                03/01/2021 13:59:36 PAGE     6

01EC C0D0            321         PUSH    PSW     ;PSW入栈
01EE C0E0            322         PUSH    ACC     ;ACC入栈
                     323     
01F0 B2EB            324         CPL     P6.3
                     325     
01F2 D0E0            326         POP     ACC     ;ACC出栈
01F4 D0D0            327         POP     PSW     ;PSW出栈
01F6 32              328         RETI
                     329         
                     330     
                     331     
                     332         END
                             
A51 MACRO ASSEMBLER  TIMER                                                                03/01/2021 13:59:36 PAGE     7

SYMBOL TABLE LISTING
------ ----- -------


N A M E             T Y P E  V A L U E   ATTRIBUTES

ACC. . . . . . . .  D ADDR   00E0H   A   
AUXR . . . . . . .  D ADDR   008EH   A   
EA . . . . . . . .  B ADDR   00A8H.7 A   
ET0. . . . . . . .  B ADDR   00A8H.1 A   
ET1. . . . . . . .  B ADDR   00A8H.3 A   
FOSC_KHZ . . . . .  N NUMB   5DC0H   A   
F_MAIN . . . . . .  C ADDR   0100H   A   
F_TIMER0_INIT. . .  C ADDR   013DH   A   
F_TIMER0_INTERRUPT  C ADDR   01C0H   A   
F_TIMER1_INIT. . .  C ADDR   0159H   A   
F_TIMER1_INTERRUPT  C ADDR   01CBH   A   
F_TIMER2_INIT. . .  C ADDR   0175H   A   
F_TIMER2_INTERRUPT  C ADDR   01D6H   A   
F_TIMER3_INIT. . .  C ADDR   018EH   A   
F_TIMER3_INTERRUPT  C ADDR   01E1H   A   
F_TIMER4_INIT. . .  C ADDR   01A7H   A   
F_TIMER4_INTERRUPT  C ADDR   01ECH   A   
IE2. . . . . . . .  D ADDR   00AFH   A   
INT_CLKO . . . . .  D ADDR   008FH   A   
L_MAIN_LOOP. . . .  C ADDR   013AH   A   
P0M0 . . . . . . .  D ADDR   0094H   A   
P0M1 . . . . . . .  D ADDR   0093H   A   
P1M0 . . . . . . .  D ADDR   0092H   A   
P1M1 . . . . . . .  D ADDR   0091H   A   
P2M0 . . . . . . .  D ADDR   0096H   A   
P2M1 . . . . . . .  D ADDR   0095H   A   
P3M0 . . . . . . .  D ADDR   00B2H   A   
P3M1 . . . . . . .  D ADDR   00B1H   A   
P4 . . . . . . . .  D ADDR   00C0H   A   
P4M0 . . . . . . .  D ADDR   00B4H   A   
P4M1 . . . . . . .  D ADDR   00B3H   A   
P5 . . . . . . . .  D ADDR   00C8H   A   
P5M0 . . . . . . .  D ADDR   00CAH   A   
P5M1 . . . . . . .  D ADDR   00C9H   A   
P6 . . . . . . . .  D ADDR   00E8H   A   
P6M0 . . . . . . .  D ADDR   00CCH   A   
P6M1 . . . . . . .  D ADDR   00CBH   A   
P7 . . . . . . . .  D ADDR   00F8H   A   
P7M0 . . . . . . .  D ADDR   00E2H   A   
P7M1 . . . . . . .  D ADDR   00E1H   A   
PSW. . . . . . . .  D ADDR   00D0H   A   
SP . . . . . . . .  D ADDR   0081H   A   
STACK_POIRTER. . .  N NUMB   00D0H   A   
T2H. . . . . . . .  D ADDR   00D6H   A   
T2L. . . . . . . .  D ADDR   00D7H   A   
T3H. . . . . . . .  D ADDR   00D4H   A   
T3L. . . . . . . .  D ADDR   00D5H   A   
T4H. . . . . . . .  D ADDR   00D2H   A   
T4L. . . . . . . .  D ADDR   00D3H   A   
T4T3M. . . . . . .  D ADDR   00D1H   A   
TH0. . . . . . . .  D ADDR   008CH   A   
TH1. . . . . . . .  D ADDR   008DH   A   
TL0. . . . . . . .  D ADDR   008AH   A   
TL1. . . . . . . .  D ADDR   008BH   A   
TMOD . . . . . . .  D ADDR   0089H   A   
TR0. . . . . . . .  B ADDR   0088H.4 A   
TR1. . . . . . . .  B ADDR   0088H.6 A   


REGISTER BANK(S) USED: 0 
A51 MACRO ASSEMBLER  TIMER                                                                03/01/2021 13:59:36 PAGE     8



ASSEMBLY COMPLETE.  0 WARNING(S), 0 ERROR(S)
