C51 COMPILER V9.59.0.0   D_LED                                                             02/08/2021 11:24:10 PAGE 1   


C51 COMPILER V9.59.0.0, COMPILATION OF MODULE D_LED
OBJECT MODULE PLACED IN D-LED.OBJ
COMPILER INVOKED BY: C:\Keil_v5\C51\BIN\C51.EXE D-LED.c OPTIMIZE(8,SPEED) BROWSE DEBUG OBJECTEXTEND TABS(2)

line level    source

   1          /*---------------------------------------------------------------------*/
   2          /* --- STC MCU Limited ------------------------------------------------*/
   3          /* --- STC 1T Series MCU Demo Programme -------------------------------*/
   4          /* --- Mobile: (86)13922805190 ----------------------------------------*/
   5          /* --- Fax: 86-0513-55012956,55012947,55012969 ------------------------*/
   6          /* --- Tel: 86-0513-55012928,55012929,55012966 ------------------------*/
   7          /* --- Web: www.STCMCU.com --------------------------------------------*/
   8          /* --- Web: www.STCMCUDATA.com  ---------------------------------------*/
   9          /* --- QQ:  800003751 -------------------------------------------------*/
  10          /* 如果要在程序中使用此代码,请在程序中注明使用了STC的资料及程序        */
  11          /*---------------------------------------------------------------------*/
  12          
  13          
  14          /*************  本程序功能说明  **************
  15          
  16          本例程基于STC8H8K64U为主控芯片的实验箱8进行编写测试，STC8G、STC8H系列芯片可通用参考.
  17          
  18          用STC的MCU的IO方式驱动8位数码管。
  19          
  20          显示效果为: 数码时钟.
  21          
  22          下载时, 选择时钟 24MHZ (用户可自行修改频率).
  23          
  24          使用Timer0的16位自动重装来产生1ms节拍,程序运行于这个节拍下, 用户修改MCU主时钟频率时,自动定时于1ms.
  25          
  26          ******************************************/
  27          #include "reg51.h"       //包含此头文件后，里面声明的寄存器不需要再手动输入，避免重复定义
  28          
  29          #define     MAIN_Fosc       24000000L   //定义主时钟
  30          
  31          
  32          typedef     unsigned char   u8;
  33          typedef     unsigned int    u16;
  34          typedef     unsigned long   u32;
  35          
  36          //手动输入声明"reg51.h"头文件里面没有定义的寄存器
  37          sfr AUXR = 0x8E;
  38          
  39          sfr P4   = 0xC0;
  40          sfr P5   = 0xC8;
  41          sfr P6   = 0xE8;
  42          sfr P7   = 0xF8;
  43          sfr P1M1 = 0x91;    //PxM1.n,PxM0.n     =00--->Standard,    01--->push-pull
  44          sfr P1M0 = 0x92;    //                  =10--->pure input,  11--->open drain
  45          sfr P0M1 = 0x93;
  46          sfr P0M0 = 0x94;
  47          sfr P2M1 = 0x95;
  48          sfr P2M0 = 0x96;
  49          sfr P3M1 = 0xB1;
  50          sfr P3M0 = 0xB2;
  51          sfr P4M1 = 0xB3;
  52          sfr P4M0 = 0xB4;
  53          sfr P5M1 = 0xC9;
  54          sfr P5M0 = 0xCA;
  55          sfr P6M1 = 0xCB;
C51 COMPILER V9.59.0.0   D_LED                                                             02/08/2021 11:24:10 PAGE 2   

  56          sfr P6M0 = 0xCC;
  57          sfr P7M1 = 0xE1;
  58          sfr P7M0 = 0xE2;
  59          
  60          sbit P00 = P0^0;
  61          sbit P01 = P0^1;
  62          sbit P02 = P0^2;
  63          sbit P03 = P0^3;
  64          sbit P04 = P0^4;
  65          sbit P05 = P0^5;
  66          sbit P06 = P0^6;
  67          sbit P07 = P0^7;
  68          sbit P10 = P1^0;
  69          sbit P11 = P1^1;
  70          sbit P12 = P1^2;
  71          sbit P13 = P1^3;
  72          sbit P14 = P1^4;
  73          sbit P15 = P1^5;
  74          sbit P16 = P1^6;
  75          sbit P17 = P1^7;
  76          sbit P20 = P2^0;
  77          sbit P21 = P2^1;
  78          sbit P22 = P2^2;
  79          sbit P23 = P2^3;
  80          sbit P24 = P2^4;
  81          sbit P25 = P2^5;
  82          sbit P26 = P2^6;
  83          sbit P27 = P2^7;
  84          sbit P30 = P3^0;
  85          sbit P31 = P3^1;
  86          sbit P32 = P3^2;
  87          sbit P33 = P3^3;
  88          sbit P34 = P3^4;
  89          sbit P35 = P3^5;
  90          sbit P36 = P3^6;
  91          sbit P37 = P3^7;
  92          sbit P40 = P4^0;
  93          sbit P41 = P4^1;
  94          sbit P42 = P4^2;
  95          sbit P43 = P4^3;
  96          sbit P44 = P4^4;
  97          sbit P45 = P4^5;
  98          sbit P46 = P4^6;
  99          sbit P47 = P4^7;
 100          sbit P50 = P5^0;
 101          sbit P51 = P5^1;
 102          sbit P52 = P5^2;
 103          sbit P53 = P5^3;
 104          sbit P54 = P5^4;
 105          sbit P55 = P5^5;
 106          sbit P56 = P5^6;
 107          sbit P57 = P5^7;
 108          
 109          /****************************** 用户定义宏 ***********************************/
 110          
 111          #define Timer0_Reload   (65536UL -(MAIN_Fosc / 1000))       //Timer 0 中断频率, 1000次/秒
 112          
 113          /*****************************************************************************/
 114          
 115          
 116          #define DIS_DOT     0x20
 117          #define DIS_BLACK   0x10
C51 COMPILER V9.59.0.0   D_LED                                                             02/08/2021 11:24:10 PAGE 3   

 118          #define DIS_        0x11
 119          
 120          
 121          
 122          
 123          /*************  本地常量声明    **************/
 124          u8 code t_display[]={                       //标准字库
 125          //   0    1    2    3    4    5    6    7    8    9    A    B    C    D    E    F
 126              0x3F,0x06,0x5B,0x4F,0x66,0x6D,0x7D,0x07,0x7F,0x6F,0x77,0x7C,0x39,0x5E,0x79,0x71,
 127          //black  -     H    J    K    L    N    o   P    U     t    G    Q    r   M    y
 128              0x00,0x40,0x76,0x1E,0x70,0x38,0x37,0x5C,0x73,0x3E,0x78,0x3d,0x67,0x50,0x37,0x6e,
 129              0xBF,0x86,0xDB,0xCF,0xE6,0xED,0xFD,0x87,0xFF,0xEF,0x46};    //0. 1. 2. 3. 4. 5. 6. 7. 8. 9. -1
 130          
 131          u8 code T_COM[]={0x01,0x02,0x04,0x08,0x10,0x20,0x40,0x80};      //位码
 132          
 133          /*************  IO口定义    **************/
 134          
 135          /*************  本地变量声明    **************/
 136          
 137          u8  LED8[8];        //显示缓冲
 138          u8  display_index;  //显示位索引
 139          bit B_1ms;          //1ms标志
 140          
 141          u8  hour,minute,second;
 142          u16 msecond;
 143          
 144          /*************  本地函数声明    **************/
 145          
 146          
 147          /****************  外部函数声明和外部变量声明 *****************/
 148          
 149          
 150          /********************** 显示时钟函数 ************************/
 151          void    DisplayRTC(void)
 152          {
 153   1          if(hour >= 10)  LED8[0] = hour / 10;
 154   1          else            LED8[0] = DIS_BLACK;
 155   1          LED8[1] = hour % 10;
 156   1          LED8[2] = DIS_;
 157   1          LED8[3] = minute / 10;
 158   1          LED8[4] = minute % 10;
 159   1          LED8[5] = DIS_;
 160   1          LED8[6] = second / 10;
 161   1          LED8[7] = second % 10;
 162   1      }
 163          
 164          /********************** RTC演示函数 ************************/
 165          void    RTC(void)
 166          {
 167   1          if(++second >= 60)
 168   1          {
 169   2              second = 0;
 170   2              if(++minute >= 60)
 171   2              {
 172   3                  minute = 0;
 173   3                  if(++hour >= 24)    hour = 0;
 174   3              }
 175   2          }
 176   1      }
 177          
 178          
 179          /********************** 主函数 ************************/
C51 COMPILER V9.59.0.0   D_LED                                                             02/08/2021 11:24:10 PAGE 4   

 180          void main(void)
 181          {
 182   1          u8  i,k;
 183   1          
 184   1          P0M1 = 0;   P0M0 = 0;   //设置为准双向口
 185   1          P1M1 = 0;   P1M0 = 0;   //设置为准双向口
 186   1          P2M1 = 0;   P2M0 = 0;   //设置为准双向口
 187   1          P3M1 = 0;   P3M0 = 0;   //设置为准双向口
 188   1          P4M1 = 0;   P4M0 = 0;   //设置为准双向口
 189   1          P5M1 = 0;   P5M0 = 0;   //设置为准双向口
 190   1          P6M1 = 0;   P6M0 = 0;   //设置为准双向口
 191   1          P7M1 = 0;   P7M0 = 0;   //设置为准双向口
 192   1      
 193   1          AUXR = 0x80;    //Timer0 set as 1T, 16 bits timer auto-reload, 
 194   1          TH0 = (u8)(Timer0_Reload / 256);
 195   1          TL0 = (u8)(Timer0_Reload % 256);
 196   1          ET0 = 1;    //Timer0 interrupt enable
 197   1          TR0 = 1;    //Tiner0 run
 198   1          EA = 1;     //打开总中断
 199   1          
 200   1          display_index = 0;
 201   1          hour   = 11;    //初始化时间值
 202   1          minute = 59;
 203   1          second = 58;
 204   1          RTC();
 205   1          DisplayRTC();
 206   1          
 207   1      //  for(i=0; i<8; i++)  LED8[i] = DIS_BLACK;    //上电消隐
 208   1          for(i=0; i<8; i++)  LED8[i] = i;    //显示01234567
 209   1          k = 0;
 210   1      
 211   1          while(1)
 212   1          {
 213   2              if(B_1ms)   //1ms到
 214   2              {
 215   3                  B_1ms = 0;
 216   3                  if(++msecond >= 1000)   //1秒到
 217   3                  {
 218   4                      msecond = 0;
 219   4                      RTC();
 220   4                      DisplayRTC();
 221   4                  }
 222   3              }
 223   2          }
 224   1      } 
 225          /**********************************************/
 226          
 227          /********************** 显示扫描函数 ************************/
 228          void DisplayScan(void)
 229          {   
 230   1        P7 = ~T_COM[7-display_index];
 231   1        P6 = ~t_display[LED8[display_index]];
 232   1          if(++display_index >= 8)    display_index = 0;  //8位结束回0
 233   1      }
 234          
 235          /********************** Timer0 1ms中断函数 ************************/
 236          void timer0 (void) interrupt 1
 237          {
 238   1          DisplayScan();  //1ms扫描显示一位
 239   1          B_1ms = 1;      //1ms标志
 240   1      
 241   1      }
C51 COMPILER V9.59.0.0   D_LED                                                             02/08/2021 11:24:10 PAGE 5   

 242          


MODULE INFORMATION:   STATIC OVERLAYABLE
   CODE SIZE        =    337    ----
   CONSTANT SIZE    =     51    ----
   XDATA SIZE       =   ----    ----
   PDATA SIZE       =   ----    ----
   DATA SIZE        =     14       1
   IDATA SIZE       =   ----    ----
   BIT SIZE         =      1    ----
END OF MODULE INFORMATION.


C51 COMPILATION COMPLETE.  0 WARNING(S),  0 ERROR(S)
