C51 COMPILER V9.59.0.0   ADC_KEYSCAN                                                       02/08/2021 11:29:57 PAGE 1   


C51 COMPILER V9.59.0.0, COMPILATION OF MODULE ADC_KEYSCAN
OBJECT MODULE PLACED IN ADC_KeyScan.OBJ
COMPILER INVOKED BY: C:\Keil_v5\C51\BIN\C51.EXE ADC_KeyScan.c OPTIMIZE(8,SPEED) BROWSE DEBUG OBJECTEXTEND TABS(2)

line level    source

   1          /*---------------------------------------------------------------------*/
   2          /* --- STC MCU Limited ------------------------------------------------*/
   3          /* --- STC 1T Series MCU Demo Programme -------------------------------*/
   4          /* --- Mobile: (86)13922805190 ----------------------------------------*/
   5          /* --- Fax: 86-0513-55012956,55012947,55012969 ------------------------*/
   6          /* --- Tel: 86-0513-55012928,55012929,55012966 ------------------------*/
   7          /* --- Web: www.STCMCU.com --------------------------------------------*/
   8          /* --- Web: www.STCMCUDATA.com  ---------------------------------------*/
   9          /* --- QQ:  800003751 -------------------------------------------------*/
  10          /* 如果要在程序中使用此代码,请在程序中注明使用了STC的资料及程序        */
  11          /*---------------------------------------------------------------------*/
  12          
  13          
  14          /*************  本程序功能说明  **************
  15          
  16          本例程基于STC8H8K64U为主控芯片的实验箱8进行编写测试，STC8G、STC8H系列芯片可通用参考.
  17          
  18          用STC的MCU的IO方式驱动8位数码管。
  19          
  20          显示效果为: 数码时钟.
  21          
  22          使用Timer0的16位自动重装来产生1ms节拍,程序运行于这个节拍下,用户修改MCU主时钟频率时,自动定时于1ms.
  23          
  24          左边4位LED显示时间(小时,分钟), 右边最后两位显示按键值.
  25          
  26          ADC按键键码为1~16.
  27          
  28          按键只支持单键按下, 不支持多键同时按下, 那样将会有不可预知的结果.
  29          
  30          键按下超过1秒后,将以10键/秒的速度提供重键输出. 用户只需要检测KeyCode是否非0来判断键是否按下.
  31          
  32          调整时间键:
  33          键码1: 小时+.
  34          键码2: 小时-.
  35          键码3: 分钟+.
  36          键码4: 分钟-.
  37          
  38          下载时, 选择时钟 24MHZ (用户可自行修改频率).
  39          
  40          ******************************************/
  41          
  42          #include    "reg51.h"       //包含此头文件后，里面声明的寄存器不需要再手动输入，避免重复定义
  43          #include    "intrins.h"
  44          
  45          #define     MAIN_Fosc       24000000L   //定义主时钟
  46          
  47          typedef     unsigned char   u8;
  48          typedef     unsigned int    u16;
  49          typedef     unsigned long   u32;
  50          
  51          //手动输入声明"reg51.h"头文件里面没有定义的寄存器
  52          sfr TH2  = 0xD6;
  53          sfr TL2  = 0xD7;
  54          sfr IE2   = 0xAF;
  55          sfr INT_CLKO = 0x8F;
C51 COMPILER V9.59.0.0   ADC_KEYSCAN                                                       02/08/2021 11:29:57 PAGE 2   

  56          sfr AUXR = 0x8E;
  57          sfr AUXR1 = 0xA2;
  58          sfr P_SW1 = 0xA2;
  59          sfr P_SW2 = 0xBA;
  60          sfr S2CON = 0x9A;
  61          sfr S2BUF = 0x9B;
  62          
  63          sfr ADC_CONTR = 0xBC;   //带AD系列
  64          sfr ADC_RES   = 0xBD;   //带AD系列
  65          sfr ADC_RESL  = 0xBE;   //带AD系列
  66          sfr ADCCFG = 0xDE;
  67          
  68          sfr P4   = 0xC0;
  69          sfr P5   = 0xC8;
  70          sfr P6   = 0xE8;
  71          sfr P7   = 0xF8;
  72          sfr P1M1 = 0x91;    //PxM1.n,PxM0.n     =00--->Standard,    01--->push-pull
  73          sfr P1M0 = 0x92;    //                  =10--->pure input,  11--->open drain
  74          sfr P0M1 = 0x93;
  75          sfr P0M0 = 0x94;
  76          sfr P2M1 = 0x95;
  77          sfr P2M0 = 0x96;
  78          sfr P3M1 = 0xB1;
  79          sfr P3M0 = 0xB2;
  80          sfr P4M1 = 0xB3;
  81          sfr P4M0 = 0xB4;
  82          sfr P5M1 = 0xC9;
  83          sfr P5M0 = 0xCA;
  84          sfr P6M1 = 0xCB;
  85          sfr P6M0 = 0xCC;
  86          sfr P7M1 = 0xE1;
  87          sfr P7M0 = 0xE2;
  88          
  89          sbit P00 = P0^0;
  90          sbit P01 = P0^1;
  91          sbit P02 = P0^2;
  92          sbit P03 = P0^3;
  93          sbit P04 = P0^4;
  94          sbit P05 = P0^5;
  95          sbit P06 = P0^6;
  96          sbit P07 = P0^7;
  97          sbit P10 = P1^0;
  98          sbit P11 = P1^1;
  99          sbit P12 = P1^2;
 100          sbit P13 = P1^3;
 101          sbit P14 = P1^4;
 102          sbit P15 = P1^5;
 103          sbit P16 = P1^6;
 104          sbit P17 = P1^7;
 105          sbit P20 = P2^0;
 106          sbit P21 = P2^1;
 107          sbit P22 = P2^2;
 108          sbit P23 = P2^3;
 109          sbit P24 = P2^4;
 110          sbit P25 = P2^5;
 111          sbit P26 = P2^6;
 112          sbit P27 = P2^7;
 113          sbit P30 = P3^0;
 114          sbit P31 = P3^1;
 115          sbit P32 = P3^2;
 116          sbit P33 = P3^3;
 117          sbit P34 = P3^4;
C51 COMPILER V9.59.0.0   ADC_KEYSCAN                                                       02/08/2021 11:29:57 PAGE 3   

 118          sbit P35 = P3^5;
 119          sbit P36 = P3^6;
 120          sbit P37 = P3^7;
 121          sbit P40 = P4^0;
 122          sbit P41 = P4^1;
 123          sbit P42 = P4^2;
 124          sbit P43 = P4^3;
 125          sbit P44 = P4^4;
 126          sbit P45 = P4^5;
 127          sbit P46 = P4^6;
 128          sbit P47 = P4^7;
 129          sbit P50 = P5^0;
 130          sbit P51 = P5^1;
 131          sbit P52 = P5^2;
 132          sbit P53 = P5^3;
 133          sbit P54 = P5^4;
 134          sbit P55 = P5^5;
 135          sbit P56 = P5^6;
 136          sbit P57 = P5^7;
 137          
 138          
 139          #define ADCTIM (*(unsigned char volatile xdata *)0xfea8)
 140          #define Timer0_Reload   (65536UL -(MAIN_Fosc / 1000))       //Timer 0 中断频率, 1000次/秒
 141          
 142          #define DIS_DOT     0x20
 143          #define DIS_BLACK   0x10
 144          #define DIS_        0x11
 145          
 146          
 147          u8 code t_display[]={                       //标准字库
 148          //   0    1    2    3    4    5    6    7    8    9    A    B    C    D    E    F
 149              0x3F,0x06,0x5B,0x4F,0x66,0x6D,0x7D,0x07,0x7F,0x6F,0x77,0x7C,0x39,0x5E,0x79,0x71,
 150          //black  -     H    J    K    L    N    o   P    U     t    G    Q    r   M    y
 151              0x00,0x40,0x76,0x1E,0x70,0x38,0x37,0x5C,0x73,0x3E,0x78,0x3d,0x67,0x50,0x37,0x6e,
 152              0xBF,0x86,0xDB,0xCF,0xE6,0xED,0xFD,0x87,0xFF,0xEF,0x46};    //0. 1. 2. 3. 4. 5. 6. 7. 8. 9. -1
 153          
 154          u8 code T_COM[]={0x01,0x02,0x04,0x08,0x10,0x20,0x40,0x80};      //位码
 155          
 156          
 157          u8  LED8[8];        //显示缓冲
 158          u8  display_index;  //显示位索引
 159          bit B_1ms;          //1ms标志
 160          
 161          u8  ADC_KeyState,ADC_KeyState1,ADC_KeyState2,ADC_KeyState3; //键状态
 162          u8  ADC_KeyHoldCnt; //键按下计时
 163          u8  KeyCode;    //给用户使用的键码, 1~16有效
 164          u8  cnt10ms;
 165          
 166          u8  hour,minute,second; //RTC变量
 167          u16 msecond;
 168          
 169          void    CalculateAdcKey(u16 adc);
 170          u16     Get_ADC12bitResult(u8 channel); //channel = 0~15
 171          void    DisplayRTC(void);
 172          void    RTC(void);
 173          
 174          
 175          /**********************************************/
 176          void main(void)
 177          {
 178   1          u8  i;
 179   1          u16 j;
C51 COMPILER V9.59.0.0   ADC_KEYSCAN                                                       02/08/2021 11:29:57 PAGE 4   

 180   1      
 181   1          P0M1 = 0;   P0M0 = 0;   //设置为准双向口
 182   1          P1M1 = 1;   P1M0 = 0;   //设置 P1.0 为 ADC 输入口
 183   1          P2M1 = 0;   P2M0 = 0;   //设置为准双向口
 184   1          P3M1 = 0;   P3M0 = 0;   //设置为准双向口
 185   1          P4M1 = 0;   P4M0 = 0;   //设置为准双向口
 186   1          P5M1 = 0;   P5M0 = 0;   //设置为准双向口
 187   1          P6M1 = 0;   P6M0 = 0;   //设置为准双向口
 188   1          P7M1 = 0;   P7M0 = 0;   //设置为准双向口
 189   1          
 190   1          display_index = 0;
 191   1        
 192   1          P_SW2 |= 0x80;
 193   1          ADCTIM = 0x3f;    //设置 ADC 内部时序，ADC采样时间建议设最大值
 194   1          P_SW2 &= 0x7f;
 195   1          ADCCFG = 0x2f;    //设置 ADC 时钟为系统时钟/2/16/16
 196   1          ADC_CONTR = 0x80; //使能 ADC 模块
 197   1      
 198   1          AUXR = 0x80;    //Timer0 set as 1T, 16 bits timer auto-reload, 
 199   1          TH0 = (u8)(Timer0_Reload / 256);
 200   1          TL0 = (u8)(Timer0_Reload % 256);
 201   1          ET0 = 1;    //Timer0 interrupt enable
 202   1          TR0 = 1;    //Tiner0 run
 203   1          EA = 1;     //打开总中断
 204   1          
 205   1          for(i=0; i<8; i++)  LED8[i] = 0x10; //上电消隐
 206   1      
 207   1          hour   = 12;    //初始化时间值
 208   1          minute = 0;
 209   1          second = 0;
 210   1          DisplayRTC();
 211   1      
 212   1          ADC_KeyState  = 0;
 213   1          ADC_KeyState1 = 0;
 214   1          ADC_KeyState2 = 0;
 215   1          ADC_KeyState3 = 0;  //键状态
 216   1          ADC_KeyHoldCnt = 0; //键按下计时
 217   1          KeyCode = 0;    //给用户使用的键码, 1~16有效
 218   1          cnt10ms = 0;
 219   1      
 220   1          while(1)
 221   1          {
 222   2              if(B_1ms)   //1ms到
 223   2              {
 224   3                  B_1ms = 0;
 225   3                  if(++msecond >= 1000)   //1秒到
 226   3                  {
 227   4                      msecond = 0;
 228   4                      RTC();
 229   4                      DisplayRTC();
 230   4                  }
 231   3                  if(msecond == 500)  DisplayRTC();   //小时后的小数点做秒闪
 232   3      
 233   3                  if(++cnt10ms >= 10) //10ms读一次ADC
 234   3                  {
 235   4                      cnt10ms = 0;
 236   4                      j = Get_ADC12bitResult(0);  //参数0~15,查询方式做一次ADC, 返回值就是结果, == 4096 为错误
 237   4                      if(j < 4096)    CalculateAdcKey(j); //计算按键
 238   4                              
 239   4                  }
 240   3      
 241   3                  if(KeyCode > 0)     //有键按下
C51 COMPILER V9.59.0.0   ADC_KEYSCAN                                                       02/08/2021 11:29:57 PAGE 5   

 242   3                  {
 243   4                      LED8[6] = KeyCode / 10; //显示键码
 244   4                      LED8[7] = KeyCode % 10; //显示键码
 245   4      
 246   4                      if(KeyCode == 1)    //hour +1
 247   4                      {
 248   5                          if(++hour >= 24)    hour = 0;
 249   5                          DisplayRTC();
 250   5                      }
 251   4                      if(KeyCode == 2)    //hour -1
 252   4                      {
 253   5                          if(--hour >= 24)    hour = 23;
 254   5                          DisplayRTC();
 255   5                      }
 256   4                      if(KeyCode == 3)    //minute +1
 257   4                      {
 258   5                          second = 0;
 259   5                          if(++minute >= 60)  minute = 0;
 260   5                          DisplayRTC();
 261   5                      }
 262   4                      if(KeyCode == 4)    //minute -1
 263   4                      {
 264   5                          second = 0;
 265   5                          if(--minute >= 60)  minute = 59;
 266   5                          DisplayRTC();
 267   5                      }
 268   4                      KeyCode = 0;
 269   4                  }
 270   3              }
 271   2          }
 272   1      } 
 273          /**********************************************/
 274          
 275          
 276          /********************** 显示时钟函数 ************************/
 277          void DisplayRTC(void)
 278          {
 279   1          if(hour >= 10)  LED8[0] = hour / 10;
 280   1          else            LED8[0] = DIS_BLACK;
 281   1          LED8[1] = hour % 10;
 282   1          LED8[2] = minute / 10;
 283   1          LED8[3] = minute % 10;
 284   1          if(msecond >= 500)      LED8[1] |= DIS_DOT; //小时后的小数点做秒闪
 285   1      }
 286          
 287          /********************** RTC演示函数 ************************/
 288          void RTC(void)
 289          {
 290   1          if(++second >= 60)
 291   1          {
 292   2              second = 0;
 293   2              if(++minute >= 60)
 294   2              {
 295   3                  minute = 0;
 296   3                  if(++hour >= 24)    hour = 0;
 297   3              }
 298   2          }
 299   1      }
 300          
 301          
 302          //========================================================================
 303          // 函数: u16 Get_ADC12bitResult(u8 channel)
C51 COMPILER V9.59.0.0   ADC_KEYSCAN                                                       02/08/2021 11:29:57 PAGE 6   

 304          // 描述: 查询法读一次ADC结果.
 305          // 参数: channel: 选择要转换的ADC.
 306          // 返回: 12位ADC结果.
 307          // 版本: V1.0, 2012-10-22
 308          //========================================================================
 309          u16 Get_ADC12bitResult(u8 channel)  //channel = 0~15
 310          {
 311   1          ADC_RES = 0;
 312   1          ADC_RESL = 0;
 313   1      
 314   1          ADC_CONTR = (ADC_CONTR & 0xF0) | 0x40 | channel;    //启动 AD 转换
 315   1          _nop_();
 316   1          _nop_();
 317   1          _nop_();
 318   1          _nop_();
 319   1      
 320   1          while((ADC_CONTR & 0x20) == 0)  ;   //wait for ADC finish
 321   1          ADC_CONTR &= ~0x20;     //清除ADC结束标志
 322   1          return  (((u16)ADC_RES << 8) | ADC_RESL);
 323   1      }
 324          
 325          /***************** ADC键盘计算键码 *****************************
 326          电路和软件算法设计: Coody
 327          本ADC键盘方案在很多实际产品设计中, 验证了其稳定可靠, 即使按键使用导电膜,都很可靠.
 328          16个键,理论上各个键对应的ADC值为 (4096 / 16) * k = 256 * k, k = 1 ~ 16, 特别的, k=16时,对应的ADC值是4095.
 329          但是实际会有偏差,则判断时限制这个偏差, ADC_OFFSET为+-偏差, 则ADC值在 (256*k-ADC_OFFSET) 与 (256*k+ADC_OFFS
             -ET)之间为键有效.
 330          间隔一定的时间,就采样一次ADC,比如10ms.
 331          为了避免偶然的ADC值误判, 或者避免ADC在上升或下降时误判, 使用连续3次ADC值均在偏差范围内时, ADC值才认为有效.
 332          以上算法, 能保证读键非常可靠.
 333          **********************************************/
 334          #define ADC_OFFSET  64
 335          void CalculateAdcKey(u16 adc)
 336          {
 337   1          u8  i;
 338   1          u16 j;
 339   1          
 340   1          if(adc < (256-ADC_OFFSET))
 341   1          {
 342   2              ADC_KeyState = 0;   //键状态归0
 343   2              ADC_KeyHoldCnt = 0;
 344   2          }
 345   1          j = 256;
 346   1          for(i=1; i<=16; i++)
 347   1          {
 348   2              if((adc >= (j - ADC_OFFSET)) && (adc <= (j + ADC_OFFSET)))  break;  //判断是否在偏差范围内
 349   2              j += 256;
 350   2          }
 351   1          ADC_KeyState3 = ADC_KeyState2;
 352   1          ADC_KeyState2 = ADC_KeyState1;
 353   1          if(i > 16)  ADC_KeyState1 = 0;  //键无效
 354   1          else                        //键有效
 355   1          {
 356   2              ADC_KeyState1 = i;
 357   2              if((ADC_KeyState3 == ADC_KeyState2) && (ADC_KeyState2 == ADC_KeyState1) &&
 358   2                 (ADC_KeyState3 > 0) && (ADC_KeyState2 > 0) && (ADC_KeyState1 > 0))
 359   2              {
 360   3                  if(ADC_KeyState == 0)   //第一次检测到
 361   3                  {
 362   4                      KeyCode  = i;   //保存键码
 363   4                      ADC_KeyState = i;   //保存键状态
 364   4                      ADC_KeyHoldCnt = 0;
C51 COMPILER V9.59.0.0   ADC_KEYSCAN                                                       02/08/2021 11:29:57 PAGE 7   

 365   4                  }
 366   3                  if(ADC_KeyState == i)   //连续检测到同一键按着
 367   3                  {
 368   4                      if(++ADC_KeyHoldCnt >= 100) //按下1秒后,以10次每秒的速度Repeat Key
 369   4                      {
 370   5                          ADC_KeyHoldCnt = 90;
 371   5                          KeyCode  = i;   //保存键码
 372   5                      }
 373   4                  }
 374   3                  else ADC_KeyHoldCnt = 0; //按下时间计数归0
 375   3              }
 376   2          }
 377   1      }
 378          
 379          
 380          /********************** 显示扫描函数 ************************/
 381          void DisplayScan(void)
 382          {   
 383   1          P7 = ~T_COM[7-display_index];
 384   1          P6 = ~t_display[LED8[display_index]];
 385   1          if(++display_index >= 8)    display_index = 0;  //8位结束回0
 386   1      }
 387          
 388          
 389          /********************** Timer0 1ms中断函数 ************************/
 390          void timer0 (void) interrupt 1
 391          {
 392   1          DisplayScan();  //1ms扫描显示一位
 393   1          B_1ms = 1;      //1ms标志
 394   1      }
 395          


MODULE INFORMATION:   STATIC OVERLAYABLE
   CODE SIZE        =    753    ----
   CONSTANT SIZE    =     51    ----
   XDATA SIZE       =   ----    ----
   PDATA SIZE       =   ----    ----
   DATA SIZE        =     21    ----
   IDATA SIZE       =   ----    ----
   BIT SIZE         =      1    ----
END OF MODULE INFORMATION.


C51 COMPILATION COMPLETE.  0 WARNING(S),  0 ERROR(S)
