A51 MACRO ASSEMBLER  WATCH_DOG                                                            03/09/2021 15:55:21 PAGE     1


MACRO ASSEMBLER A51 V8.2.7.0
OBJECT MODULE PLACED IN watch_dog.OBJ
ASSEMBLER INVOKED BY: C:\Keil_v5\C51\BIN\A51.EXE watch_dog.asm SET(SMALL) DEBUG EP

LOC  OBJ            LINE     SOURCE

                       1     ;/*---------------------------------------------------------------------*/
                       2     ;/* --- STC MCU Limited ------------------------------------------------*/
                       3     ;/* --- STC 1T Series MCU Demo Programme -------------------------------*/
                       4     ;/* --- Mobile: (86)13922805190 ----------------------------------------*/
                       5     ;/* --- Fax: 86-0513-55012956,55012947,55012969 ------------------------*/
                       6     ;/* --- Tel: 86-0513-55012928,55012929,55012966 ------------------------*/
                       7     ;/* --- Web: www.STCMCU.com --------------------------------------------*/
                       8     ;/* --- Web: www.STCMCUDATA.com ----------------------------------------*/
                       9     ;/* --- QQ:  800003751 -------------------------------------------------*/
                      10     ;/* 如果要在程序中使用此代码,请在程序中注明使用了STC的资料及程序        */
                      11     ;/*---------------------------------------------------------------------*/
                      12     
                      13     
                      14     ;*************  功能说明    **************
                      15     
                      16     ; 本例程基于STC8H8K64U为主控芯片的实验箱8进行编写测试，STC8G、STC8H系列芯片可通用参考.
                      17     
                      18     ; 用STC的MCU的IO方式驱动8位数码管。
                      19     
                      20     ; 显示效果为: 显示秒计数, 5秒后不喂狗, 等复位.
                      21     
                      22     ; 下载时, 选择时钟 24MHZ (用户可自行修改频率).
                      23     
                      24     ;******************************************
                      25     
                      26     ;****************************** 用户定义宏 ***********************************/
                      27     
  5DC0                28     Fosc_KHZ    EQU 24000   ;24000KHZ
                      29     
  00D0                30     STACK_POIRTER   EQU     0D0H    ; 堆栈开始地址
                      31     
  0020                32     DIS_DOT         EQU     020H
  0010                33     DIS_BLACK       EQU     010H
  0011                34     DIS_            EQU     011H
                      35     
                      36     ;*******************************************************************
                      37     ;*******************************************************************
                      38     
  008E                39     AUXR    DATA    08EH
  00C0                40     P4      DATA    0C0H
  00C8                41     P5      DATA    0C8H
  00E8                42     P6      DATA    0E8H
  00F8                43     P7      DATA    0F8H
                      44     
  0093                45     P0M1    DATA    0x93    ; P0M1.n,P0M0.n     =00--->Standard,    01--->push-pull
  0094                46     P0M0    DATA    0x94    ;                   =10--->pure input,  11--->open drain
  0091                47     P1M1    DATA    0x91    ; P1M1.n,P1M0.n     =00--->Standard,    01--->push-pull
  0092                48     P1M0    DATA    0x92    ;                   =10--->pure input,  11--->open drain
  0095                49     P2M1    DATA    0x95    ; P2M1.n,P2M0.n     =00--->Standard,    01--->push-pull
  0096                50     P2M0    DATA    0x96    ;                   =10--->pure input,  11--->open drain
  00B1                51     P3M1    DATA    0xB1    ; P3M1.n,P3M0.n     =00--->Standard,    01--->push-pull
  00B2                52     P3M0    DATA    0xB2    ;                   =10--->pure input,  11--->open drain
  00B3                53     P4M1    DATA    0xB3    ; P4M1.n,P4M0.n     =00--->Standard,    01--->push-pull
  00B4                54     P4M0    DATA    0xB4    ;                   =10--->pure input,  11--->open drain
  00C9                55     P5M1    DATA    0xC9    ; P5M1.n,P5M0.n     =00--->Standard,    01--->push-pull
  00CA                56     P5M0    DATA    0xCA    ;                   =10--->pure input,  11--->open drain
  00CB                57     P6M1    DATA    0xCB    ; P6M1.n,P6M0.n     =00--->Standard,    01--->push-pull
  00CC                58     P6M0    DATA    0xCC    ;                   =10--->pure input,  11--->open drain
A51 MACRO ASSEMBLER  WATCH_DOG                                                            03/09/2021 15:55:21 PAGE     2

  00E1                59     P7M1    DATA    0xE1    ;
  00E2                60     P7M0    DATA    0xE2    ;
                      61     
  00C1                62     WDT_CONTR DATA 0xC1     ;Watch-Dog-Timer Control register
                      63     ;                                      7     6     5      4       3      2   1   0     Rese
                             t Value
                      64     ;                                  WDT_FLAG  -  EN_WDT CLR_WDT IDLE_WDT PS2 PS1 PS0    xx00
                             ,0000
  0080                65     D_WDT_FLAG      EQU (1 SHL 7)
  0020                66     D_EN_WDT        EQU (1 SHL 5)
  0010                67     D_CLR_WDT       EQU (1 SHL 4)   ;auto clear
  0008                68     D_IDLE_WDT      EQU (1 SHL 3)   ;WDT counter when Idle
  0000                69     D_WDT_SCALE_2   EQU 0
  0001                70     D_WDT_SCALE_4   EQU 1
  0002                71     D_WDT_SCALE_8   EQU 2       ;T=393216*N/fo
  0003                72     D_WDT_SCALE_16  EQU 3
  0004                73     D_WDT_SCALE_32  EQU 4
  0005                74     D_WDT_SCALE_64  EQU 5
  0006                75     D_WDT_SCALE_128 EQU 6
  0007                76     D_WDT_SCALE_256 EQU 7
                      77             
                      78     ;*************  IO口定义    **************/
                      79     
                      80     
                      81     ;*************  本地变量声明    **************/
  0030                82     LED8            DATA    30H     ; 显示缓冲 30H ~ 37H
  0038                83     display_index   DATA    38H     ; 显示位索引
                      84     
  0039                85     ms_cnt_H        DATA    39H     ; 1000ms 计数值
  003A                86     ms_cnt_L        DATA    3AH     ;
  003B                87     tes_cnt         DATA    3BH     ; 测试用的计数变量
                      88     
                      89     ;*******************************************************************
                      90     ;*******************************************************************
0000                  91             ORG     0000H               ;reset
0000 020100           92             LJMP    F_Main
                      93     
                      94     
                      95     
                      96     ;*******************************************************************
                      97     ;*******************************************************************
                      98     
                      99     
                     100     ;******************** 主程序 **************************/
0100                 101             ORG     0100H       ;reset
0100                 102     F_Main:
0100 E4              103         CLR     A
0101 F593            104         MOV     P0M1, A     ;设置为准双向口
0103 F594            105         MOV     P0M0, A
0105 F591            106         MOV     P1M1, A     ;设置为准双向口
0107 F592            107         MOV     P1M0, A
0109 F595            108         MOV     P2M1, A     ;设置为准双向口
010B F596            109         MOV     P2M0, A
010D F5B1            110         MOV     P3M1, A     ;设置为准双向口
010F F5B2            111         MOV     P3M0, A
0111 F5B3            112         MOV     P4M1, A     ;设置为准双向口
0113 F5B4            113         MOV     P4M0, A
0115 F5C9            114         MOV     P5M1, A     ;设置为准双向口
0117 F5CA            115         MOV     P5M0, A
0119 F5CB            116         MOV     P6M1, A     ;设置为准双向口
011B F5CC            117         MOV     P6M0, A
011D F5E1            118         MOV     P7M1, A     ;设置为准双向口
011F F5E2            119         MOV     P7M0, A
                     120     
                     121         
0121 7581D0          122         MOV     SP, #STACK_POIRTER
A51 MACRO ASSEMBLER  WATCH_DOG                                                            03/09/2021 15:55:21 PAGE     3

0124 75D000          123         MOV     PSW, #0
                     124         USING   0       ;选择第0组R0~R7
                     125     
                     126     ;================= 用户初始化程序 ====================================
                     127     
0127 753800          128         MOV     display_index, #0
012A 7830            129         MOV     R0, #LED8
012C 7A08            130         MOV     R2, #8
012E                 131     L_ClearLoop:
012E 7610            132         MOV     @R0, #DIS_BLACK     ;上电消隐
0130 08              133         INC     R0
0131 DAFB            134         DJNZ    R2, L_ClearLoop
                     135     
0133 753903          136         MOV     ms_cnt_H, #HIGH 1000    ; 重装1000ms计数值
0136 753AE8          137         MOV     ms_cnt_L, #LOW  1000
                     138         
0139 753B00          139         MOV     tes_cnt, #0
013C 853B30          140         MOV     LED8+0, tes_cnt
                     141     
                     142     ;=================== 主循环 ==================================
013F                 143     L_MainLoop:
013F 7401            144         MOV     A, #1           ;延时1ms
0141 120170          145         LCALL   F_delay_ms  
0144 1201C0          146         LCALL   F_DisplayScan
                     147     
0147 E53B            148         MOV     A, tes_cnt
0149 C3              149         CLR     C
014A 9406            150         SUBB    A, #6   ; if(tes_cnt <= 5)  //5秒后不喂狗, 将复位,
014C 5003            151         JNC     L_QuitWatchDog
014E 75C133          152         MOV     WDT_CONTR, #(D_EN_WDT + D_CLR_WDT + D_WDT_SCALE_16) ; 喂狗
0151                 153     L_QuitWatchDog:
                     154     
0151 E53A            155         MOV     A, ms_cnt_L     ; if(--ms_cnt == 0)
0153 C3              156         CLR     C
0154 9401            157         SUBB    A, #1
0156 F53A            158         MOV     ms_cnt_L, A
0158 E539            159         MOV     A, ms_cnt_H
015A 9400            160         SUBB    A, #0
015C F539            161         MOV     ms_cnt_H, A
015E 453A            162         ORL     A, ms_cnt_L
0160 700B            163         JNZ     L_cnt1000_NotZero
0162 753903          164         MOV     ms_cnt_H, #HIGH 1000    ; 重装1000ms计数值
0165 753AE8          165         MOV     ms_cnt_L, #LOW  1000
0168 053B            166         INC     tes_cnt     ; 测试计数+1
016A 853B30          167         MOV     LED8+0, tes_cnt ;
                     168     
016D                 169     L_cnt1000_NotZero:
016D 02013F          170         LJMP    L_MainLoop
                     171     
                     172     ;**********************************************/
                     173     
                     174     
                     175     ;========================================================================
                     176     ; 函数: F_delay_ms
                     177     ; 描述: 延时子程序。
                     178     ; 参数: ACC: 延时ms数.
                     179     ; 返回: none.
                     180     ; 版本: VER1.0
                     181     ; 日期: 2013-4-1
                     182     ; 备注: 除了ACCC和PSW外, 所用到的通用寄存器都入栈
                     183     ;========================================================================
0170                 184     F_delay_ms:
0170 C002            185         PUSH    02H     ;入栈R2
0172 C003            186         PUSH    03H     ;入栈R3
0174 C004            187         PUSH    04H     ;入栈R4
                     188     
A51 MACRO ASSEMBLER  WATCH_DOG                                                            03/09/2021 15:55:21 PAGE     4

0176 FA              189         MOV     R2,A
                     190     
0177                 191     L_delay_ms_1:
0177 7B09            192         MOV     R3, #HIGH (Fosc_KHZ / 10)
0179 7C60            193         MOV     R4, #LOW (Fosc_KHZ / 10)
                     194         
017B                 195     L_delay_ms_2:
017B EC              196         MOV     A, R4           ;1T     Total 10T/loop
017C 1C              197         DEC     R4              ;1T
017D 7001            198         JNZ     L_delay_ms_3    ;3T
017F 1B              199         DEC     R3
0180                 200     L_delay_ms_3:
0180 14              201         DEC     A               ;1T
0181 4B              202         ORL     A, R3           ;1T
0182 70F7            203         JNZ     L_delay_ms_2    ;3T
                     204         
0184 DAF1            205         DJNZ    R2, L_delay_ms_1
                     206     
0186 D004            207         POP     04H     ;出栈R2
0188 D003            208         POP     03H     ;出栈R3
018A D002            209         POP     02H     ;出栈R4
018C 22              210         RET
                     211     
                     212     
                     213     
                     214     ; *********************** 显示相关程序 ****************************************
018D                 215     T_Display:                      ;标准字库
                     216     ;    0    1    2    3    4    5    6    7    8    9    A    B    C    D    E    F
018D 3F065B4F        217     DB  03FH,006H,05BH,04FH,066H,06DH,07DH,007H,07FH,06FH,077H,07CH,039H,05EH,079H,071H
0191 666D7D07                
0195 7F6F777C                
0199 395E7971                
                     218     ;  black  -    H    J    K    L    N    o    P    U    t    G    Q    r    M    y
019D 0040761E        219     DB  000H,040H,076H,01EH,070H,038H,037H,05CH,073H,03EH,078H,03dH,067H,050H,037H,06EH
01A1 7038375C                
01A5 733E783D                
01A9 6750376E                
                     220     ;    0.   1.   2.   3.   4.   5.   6.   7.   8.   9.   -1
01AD BF86DBCF        221     DB  0BFH,086H,0DBH,0CFH,0E6H,0EDH,0FDH,087H,0FFH,0EFH,046H
01B1 E6EDFD87                
01B5 FFEF46                  
                     222     
01B8                 223     T_COM:
01B8 01020408        224     DB  001H,002H,004H,008H,010H,020H,040H,080H     ;   位码
01BC 10204080                
                     225     
                     226     
                     227     ;========================================================================
                     228     ; 函数: F_DisplayScan
                     229     ; 描述: 显示扫描子程序。
                     230     ; 参数: none.
                     231     ; 返回: none.
                     232     ; 版本: VER1.0
                     233     ; 日期: 2013-4-1
                     234     ; 备注: 除了ACCC和PSW外, 所用到的通用寄存器都入栈
                     235     ;========================================================================
01C0                 236     F_DisplayScan:
01C0 C083            237         PUSH    DPH     ;DPH入栈
01C2 C082            238         PUSH    DPL     ;DPL入栈
01C4 C000            239         PUSH    00H     ;R0 入栈
                     240         
01C6 9001B8          241         MOV     DPTR, #T_COM
01C9 E538            242         MOV     A, display_index
01CB 93              243         MOVC    A, @A+DPTR
01CC F4              244         CPL     A
01CD F5F8            245             MOV     P7,A
A51 MACRO ASSEMBLER  WATCH_DOG                                                            03/09/2021 15:55:21 PAGE     5

                     246         
01CF 90018D          247         MOV     DPTR, #T_Display
01D2 E538            248         MOV     A, display_index
01D4 2430            249         ADD     A, #LED8
01D6 F8              250         MOV     R0, A
01D7 E6              251         MOV     A, @R0
01D8 93              252         MOVC    A, @A+DPTR
01D9 F4              253         CPL     A
01DA F5E8            254             MOV     P6,A
                     255     
01DC 0538            256         INC     display_index
01DE E538            257         MOV     A, display_index
01E0 54F8            258         ANL     A, #0F8H            ; if(display_index >= 8)
01E2 6003            259         JZ      L_QuitDisplayScan
01E4 753800          260         MOV     display_index, #0;  ;8位结束回0
                     261         
01E7                 262     L_QuitDisplayScan:
01E7 D000            263         POP     00H     ;R0 出栈
01E9 D082            264         POP     DPL     ;DPL出栈
01EB D083            265         POP     DPH     ;DPH出栈
01ED 22              266         RET
                     267     
                     268     
                     269     
                     270         END
                             
A51 MACRO ASSEMBLER  WATCH_DOG                                                            03/09/2021 15:55:21 PAGE     6

SYMBOL TABLE LISTING
------ ----- -------


N A M E             T Y P E  V A L U E   ATTRIBUTES

AUXR . . . . . . .  D ADDR   008EH   A   
DISPLAY_INDEX. . .  D ADDR   0038H   A   
DIS_ . . . . . . .  N NUMB   0011H   A   
DIS_BLACK. . . . .  N NUMB   0010H   A   
DIS_DOT. . . . . .  N NUMB   0020H   A   
DPH. . . . . . . .  D ADDR   0083H   A   
DPL. . . . . . . .  D ADDR   0082H   A   
D_CLR_WDT. . . . .  N NUMB   0010H   A   
D_EN_WDT . . . . .  N NUMB   0020H   A   
D_IDLE_WDT . . . .  N NUMB   0008H   A   
D_WDT_FLAG . . . .  N NUMB   0080H   A   
D_WDT_SCALE_128. .  N NUMB   0006H   A   
D_WDT_SCALE_16 . .  N NUMB   0003H   A   
D_WDT_SCALE_2. . .  N NUMB   0000H   A   
D_WDT_SCALE_256. .  N NUMB   0007H   A   
D_WDT_SCALE_32 . .  N NUMB   0004H   A   
D_WDT_SCALE_4. . .  N NUMB   0001H   A   
D_WDT_SCALE_64 . .  N NUMB   0005H   A   
D_WDT_SCALE_8. . .  N NUMB   0002H   A   
FOSC_KHZ . . . . .  N NUMB   5DC0H   A   
F_DELAY_MS . . . .  C ADDR   0170H   A   
F_DISPLAYSCAN. . .  C ADDR   01C0H   A   
F_MAIN . . . . . .  C ADDR   0100H   A   
LED8 . . . . . . .  D ADDR   0030H   A   
L_CLEARLOOP. . . .  C ADDR   012EH   A   
L_CNT1000_NOTZERO.  C ADDR   016DH   A   
L_DELAY_MS_1 . . .  C ADDR   0177H   A   
L_DELAY_MS_2 . . .  C ADDR   017BH   A   
L_DELAY_MS_3 . . .  C ADDR   0180H   A   
L_MAINLOOP . . . .  C ADDR   013FH   A   
L_QUITDISPLAYSCAN.  C ADDR   01E7H   A   
L_QUITWATCHDOG . .  C ADDR   0151H   A   
MS_CNT_H . . . . .  D ADDR   0039H   A   
MS_CNT_L . . . . .  D ADDR   003AH   A   
P0M0 . . . . . . .  D ADDR   0094H   A   
P0M1 . . . . . . .  D ADDR   0093H   A   
P1M0 . . . . . . .  D ADDR   0092H   A   
P1M1 . . . . . . .  D ADDR   0091H   A   
P2M0 . . . . . . .  D ADDR   0096H   A   
P2M1 . . . . . . .  D ADDR   0095H   A   
P3M0 . . . . . . .  D ADDR   00B2H   A   
P3M1 . . . . . . .  D ADDR   00B1H   A   
P4 . . . . . . . .  D ADDR   00C0H   A   
P4M0 . . . . . . .  D ADDR   00B4H   A   
P4M1 . . . . . . .  D ADDR   00B3H   A   
P5 . . . . . . . .  D ADDR   00C8H   A   
P5M0 . . . . . . .  D ADDR   00CAH   A   
P5M1 . . . . . . .  D ADDR   00C9H   A   
P6 . . . . . . . .  D ADDR   00E8H   A   
P6M0 . . . . . . .  D ADDR   00CCH   A   
P6M1 . . . . . . .  D ADDR   00CBH   A   
P7 . . . . . . . .  D ADDR   00F8H   A   
P7M0 . . . . . . .  D ADDR   00E2H   A   
P7M1 . . . . . . .  D ADDR   00E1H   A   
PSW. . . . . . . .  D ADDR   00D0H   A   
SP . . . . . . . .  D ADDR   0081H   A   
STACK_POIRTER. . .  N NUMB   00D0H   A   
TES_CNT. . . . . .  D ADDR   003BH   A   
T_COM. . . . . . .  C ADDR   01B8H   A   
T_DISPLAY. . . . .  C ADDR   018DH   A   
A51 MACRO ASSEMBLER  WATCH_DOG                                                            03/09/2021 15:55:21 PAGE     7

WDT_CONTR. . . . .  D ADDR   00C1H   A   


REGISTER BANK(S) USED: 0 


ASSEMBLY COMPLETE.  0 WARNING(S), 0 ERROR(S)
