C51 COMPILER V9.59.0.0   IO_MODE                                                           02/08/2021 11:43:42 PAGE 1   


C51 COMPILER V9.59.0.0, COMPILATION OF MODULE IO_MODE
OBJECT MODULE PLACED IN IO_Mode.OBJ
COMPILER INVOKED BY: C:\Keil_v5\C51\BIN\C51.EXE IO_Mode.c OPTIMIZE(8,SPEED) BROWSE DEBUG OBJECTEXTEND TABS(2)

line level    source

   1          /*---------------------------------------------------------------------*/
   2          /* --- STC MCU Limited ------------------------------------------------*/
   3          /* --- STC 1T Series MCU Demo Programme -------------------------------*/
   4          /* --- Mobile: (86)13922805190 ----------------------------------------*/
   5          /* --- Fax: 86-0513-55012956,55012947,55012969 ------------------------*/
   6          /* --- Tel: 86-0513-55012928,55012929,55012966 ------------------------*/
   7          /* --- Web: www.STCMCU.com --------------------------------------------*/
   8          /* --- Web: www.STCMCUDATA.com  ---------------------------------------*/
   9          /* --- QQ:  800003751 -------------------------------------------------*/
  10          /* 如果要在程序中使用此代码,请在程序中注明使用了STC的资料及程序        */
  11          /*---------------------------------------------------------------------*/
  12          
  13          
  14          /*************  功能说明    **************
  15          
  16          单纯的IO口初始化，端口模式配置参考程序.
  17          
  18          ******************************************/
  19          
  20          #include "reg51.h"       //包含此头文件后，里面声明的寄存器不需要再手动输入，避免重复定义
  21          #include "intrins.h"
  22          
  23          //手动输入声明"reg51.h"头文件里面没有定义的寄存器
  24          sfr     P0M0        =   0x94;
  25          sfr     P0M1        =   0x93;
  26          sfr     P1M0        =   0x92;
  27          sfr     P1M1        =   0x91;
  28          sfr     P2M0        =   0x96;
  29          sfr     P2M1        =   0x95;
  30          sfr     P3M0        =   0xb2;
  31          sfr     P3M1        =   0xb1;
  32          sfr     P4M0        =   0xb4;
  33          sfr     P4M1        =   0xb3;
  34          sfr     P5M0        =   0xca;
  35          sfr     P5M1        =   0xc9;
  36          sfr     P6M0        =   0xcc;
  37          sfr     P6M1        =   0xcb;
  38          sfr     P7M0        =   0xe2;
  39          sfr     P7M1        =   0xe1;
  40          
  41          void main()
  42          {
  43   1          P0M0 = 0x00;                                //设置P0.0~P0.7为双向口模式
  44   1          P0M1 = 0x00;
  45   1      
  46   1          P1M0 = 0xff;                                //设置P1.0~P1.7为推挽输出模式
  47   1          P1M1 = 0x00;
  48   1      //    P1M0 = 0xf0;                                //设置P1.4~P1.7为推挽输出模式，设置P1.0~P0.3为双向口模式
  49   1      //    P1M1 = 0x00;
  50   1      
  51   1          P2M0 = 0x00;                                //设置P2.0~P2.7为高阻输入模式
  52   1          P2M1 = 0xff;
  53   1      //    P2M0 = 0x00;                                //设置P2.0~P2.3为高阻输入模式，设置P2.4~P2.7为双向口模式
  54   1      //    P2M1 = 0x0f;
  55   1      
C51 COMPILER V9.59.0.0   IO_MODE                                                           02/08/2021 11:43:42 PAGE 2   

  56   1          P3M0 = 0xff;                                //设置P3.0~P3.7为开漏模式
  57   1          P3M1 = 0xff;
  58   1      //    P3M0 = 0x0f;                                //设置P3.0~P3.3为开漏模式，设置P3.4~P3.7为高阻输入模式
  59   1      //    P3M1 = 0xff;
  60   1      
  61   1          while (1);
  62   1      }
  63          


MODULE INFORMATION:   STATIC OVERLAYABLE
   CODE SIZE        =     23    ----
   CONSTANT SIZE    =   ----    ----
   XDATA SIZE       =   ----    ----
   PDATA SIZE       =   ----    ----
   DATA SIZE        =   ----    ----
   IDATA SIZE       =   ----    ----
   BIT SIZE         =   ----    ----
END OF MODULE INFORMATION.


C51 COMPILATION COMPLETE.  0 WARNING(S),  0 ERROR(S)
