C51 COMPILER V9.59.0.0   WAKE_UP                                                           03/09/2021 15:53:39 PAGE 1   


C51 COMPILER V9.59.0.0, COMPILATION OF MODULE WAKE_UP
OBJECT MODULE PLACED IN wake_up.OBJ
COMPILER INVOKED BY: C:\Keil_v5\C51\BIN\C51.EXE wake_up.c OPTIMIZE(8,SPEED) BROWSE DEBUG OBJECTEXTEND TABS(2)

line level    source

   1          /*---------------------------------------------------------------------*/
   2          /* --- STC MCU Limited ------------------------------------------------*/
   3          /* --- STC 1T Series MCU Demo Programme -------------------------------*/
   4          /* --- Mobile: (86)13922805190 ----------------------------------------*/
   5          /* --- Fax: 86-0513-55012956,55012947,55012969 ------------------------*/
   6          /* --- Tel: 86-0513-55012928,55012929,55012966 ------------------------*/
   7          /* --- Web: www.STCMCU.com --------------------------------------------*/
   8          /* --- Web: www.STCMCUDATA.com  ---------------------------------------*/
   9          /* --- QQ:  800003751 -------------------------------------------------*/
  10          /* 如果要在程序中使用此代码,请在程序中注明使用了STC的资料及程序        */
  11          /*---------------------------------------------------------------------*/
  12          
  13          
  14          /*************  本程序功能说明  **************
  15          
  16          本例程基于STC8H8K64U为主控芯片的实验箱8进行编写测试，STC8G、STC8H系列芯片可通用参考.
  17          
  18          用STC的MCU的IO方式驱动8位数码管。
  19          
  20          下载时, 选择时钟 24MHZ (用户可自行修改频率).
  21          
  22          显示效果为: 上电后显示秒计数, 计数范围为0~255，显示在右边的3个数码管.
  23          
  24          显示5秒后, 睡眠. 按板上的SW17、SW18唤醒, 继续计秒显示. 5秒后再睡眠.
  25          
  26          如果MCU在准备睡眠时, SW17/SW18按着(INT0/INT1为低电平), 则MCU不睡眠, 直到INT0/INT1为高电平为止.
  27          
  28          INT2, INT3, INT4 实验板上没有引出测试按键，供需要时参考使用.
  29          
  30          ******************************************/
  31          #include    "reg51.h"       //包含此头文件后，里面声明的寄存器不需要再手动输入，避免重复定义
  32          #include    "intrins.h"
  33          
  34          #define MAIN_Fosc       24000000L   //定义主时钟
  35          
  36          
  37          typedef     unsigned char   u8;
  38          typedef     unsigned int    u16;
  39          typedef     unsigned long   u32;
  40          
  41          //手动输入声明"reg51.h"头文件里面没有定义的寄存器
  42          sfr P4   = 0xC0;
  43          sfr P5   = 0xC8;
  44          sfr P6   = 0xE8;
  45          sfr P7   = 0xF8;
  46          sfr P1M1 = 0x91;    //PxM1.n,PxM0.n     =00--->Standard,    01--->push-pull
  47          sfr P1M0 = 0x92;    //                  =10--->pure input,  11--->open drain
  48          sfr P0M1 = 0x93;
  49          sfr P0M0 = 0x94;
  50          sfr P2M1 = 0x95;
  51          sfr P2M0 = 0x96;
  52          sfr P3M1 = 0xB1;
  53          sfr P3M0 = 0xB2;
  54          sfr P4M1 = 0xB3;
  55          sfr P4M0 = 0xB4;
C51 COMPILER V9.59.0.0   WAKE_UP                                                           03/09/2021 15:53:39 PAGE 2   

  56          sfr P5M1 = 0xC9;
  57          sfr P5M0 = 0xCA;
  58          sfr P6M1 = 0xCB;
  59          sfr P6M0 = 0xCC;
  60          sfr P7M1 = 0xE1;
  61          sfr P7M0 = 0xE2;
  62          
  63          sbit P00 = P0^0;
  64          sbit P01 = P0^1;
  65          sbit P02 = P0^2;
  66          sbit P03 = P0^3;
  67          sbit P04 = P0^4;
  68          sbit P05 = P0^5;
  69          sbit P06 = P0^6;
  70          sbit P07 = P0^7;
  71          sbit P10 = P1^0;
  72          sbit P11 = P1^1;
  73          sbit P12 = P1^2;
  74          sbit P13 = P1^3;
  75          sbit P14 = P1^4;
  76          sbit P15 = P1^5;
  77          sbit P16 = P1^6;
  78          sbit P17 = P1^7;
  79          sbit P20 = P2^0;
  80          sbit P21 = P2^1;
  81          sbit P22 = P2^2;
  82          sbit P23 = P2^3;
  83          sbit P24 = P2^4;
  84          sbit P25 = P2^5;
  85          sbit P26 = P2^6;
  86          sbit P27 = P2^7;
  87          sbit P30 = P3^0;
  88          sbit P31 = P3^1;
  89          sbit P32 = P3^2;
  90          sbit P33 = P3^3;
  91          sbit P34 = P3^4;
  92          sbit P35 = P3^5;
  93          sbit P36 = P3^6;
  94          sbit P37 = P3^7;
  95          sbit P40 = P4^0;
  96          sbit P41 = P4^1;
  97          sbit P42 = P4^2;
  98          sbit P43 = P4^3;
  99          sbit P44 = P4^4;
 100          sbit P45 = P4^5;
 101          sbit P46 = P4^6;
 102          sbit P47 = P4^7;
 103          sbit P50 = P5^0;
 104          sbit P51 = P5^1;
 105          sbit P52 = P5^2;
 106          sbit P53 = P5^3;
 107          sbit P54 = P5^4;
 108          sbit P55 = P5^5;
 109          sbit P56 = P5^6;
 110          sbit P57 = P5^7;
 111          
 112          sfr INTCLKO = 0x8F;
 113          #define EX2 0x10
 114          #define EX3 0x20
 115          #define EX4 0x40
 116          
 117          #define DIS_DOT     0x20
C51 COMPILER V9.59.0.0   WAKE_UP                                                           03/09/2021 15:53:39 PAGE 3   

 118          #define DIS_BLACK   0x10
 119          #define DIS_        0x11
 120          
 121          /****************************** 用户定义宏 ***********************************/
 122          
 123          #define     Timer0_Reload   (65536UL -(MAIN_Fosc / 1000))       //Timer 0 中断频率, 1000次/秒
 124          
 125          /*****************************************************************************/
 126          
 127          
 128          /*************  本地常量声明    **************/
 129          u8 code t_display[]={                       //标准字库
 130          //   0    1    2    3    4    5    6    7    8    9    A    B    C    D    E    F
 131              0x3F,0x06,0x5B,0x4F,0x66,0x6D,0x7D,0x07,0x7F,0x6F,0x77,0x7C,0x39,0x5E,0x79,0x71,
 132          //black  -     H    J    K    L    N    o   P    U     t    G    Q    r   M    y
 133              0x00,0x40,0x76,0x1E,0x70,0x38,0x37,0x5C,0x73,0x3E,0x78,0x3d,0x67,0x50,0x37,0x6e,
 134              0xBF,0x86,0xDB,0xCF,0xE6,0xED,0xFD,0x87,0xFF,0xEF,0x46};    //0. 1. 2. 3. 4. 5. 6. 7. 8. 9. -1
 135          
 136          u8 code T_COM[]={0x01,0x02,0x04,0x08,0x10,0x20,0x40,0x80};      //位码
 137          
 138          
 139          
 140          /*************  本地变量声明    **************/
 141          
 142          u8  LED8[8];        //显示缓冲
 143          u8  display_index;  //显示位索引
 144          u16 msecond;        //1000ms计数
 145          
 146          u8  Test_cnt;   //测试用的秒计数变量
 147          u8  SleepDelay; //唤醒后再进入睡眠所延时的时间
 148          
 149          void    delay_ms(u8 ms);
 150          void    Display(void);
 151          void    DisplayScan(void);
 152          
 153          /********************** 主函数 ************************/
 154          void main(void)
 155          {
 156   1          u8  i;
 157   1          
 158   1          P0M1 = 0;   P0M0 = 0;   //设置为准双向口
 159   1          P1M1 = 0;   P1M0 = 0;   //设置为准双向口
 160   1          P2M1 = 0;   P2M0 = 0;   //设置为准双向口
 161   1          P3M1 = 0;   P3M0 = 0;   //设置为准双向口
 162   1          P4M1 = 0;   P4M0 = 0;   //设置为准双向口
 163   1          P5M1 = 0;   P5M0 = 0;   //设置为准双向口
 164   1          P6M1 = 0;   P6M0 = 0;   //设置为准双向口
 165   1          P7M1 = 0;   P7M0 = 0;   //设置为准双向口
 166   1      
 167   1          display_index = 0;
 168   1          for(i=0; i<8; i++)  LED8[i] = DIS_BLACK;    //全部消隐
 169   1          
 170   1          Test_cnt = 0;   //秒计数范围为0~255
 171   1          SleepDelay = 0;
 172   1          LED8[5] = 0;
 173   1          LED8[6] = 0;
 174   1          LED8[7] = 0;
 175   1          
 176   1          EA = 1;     //允许总中断
 177   1      
 178   1          while(1)
 179   1          {
C51 COMPILER V9.59.0.0   WAKE_UP                                                           03/09/2021 15:53:39 PAGE 4   

 180   2              delay_ms(1);    //延时1ms
 181   2              DisplayScan();
 182   2              
 183   2              if(++msecond >= 1000)   //1秒到
 184   2              {
 185   3                  msecond = 0;        //清1000ms计数
 186   3                  Test_cnt++;         //秒计数+1
 187   3                  LED8[5] = Test_cnt / 100;
 188   3                  LED8[6] = (Test_cnt % 100) / 10;
 189   3                  LED8[7] = Test_cnt % 10;
 190   3      
 191   3                  if(++SleepDelay >= 5)   //5秒后睡眠
 192   3                  {
 193   4                      SleepDelay = 0;
 194   4      
 195   4                      if(INT0 && INT1)    //两个中断都是高电平时才进入睡眠，下降沿唤醒。
 196   4                      {
 197   5                          SleepDelay = 0;
 198   5                          P7 = 0xff;     //先关闭显示，省电
 199   5      
 200   5                          IE0  = 0;   //外中断0标志位
 201   5                          IE1  = 0;   //外中断1标志位
 202   5                          EX0 = 1;    //INT0 Enable
 203   5                          EX1 = 1;    //INT1 Enable
 204   5      
 205   5                          IT0 = 1;        //INT0 下降沿中断       
 206   5                      //  IT0 = 0;        //INT0 上升,下降沿中断  
 207   5                          IT1 = 1;        //INT1 下降沿中断       
 208   5                      //  IT1 = 0;        //INT1 上升,下降沿中断  
 209   5      
 210   5      //                  INTCLKO = EX2;  //使能 INT2 下降沿中断
 211   5      //                  INTCLKO |= EX3; //使能 INT3 下降沿中断
 212   5      //                  INTCLKO |= EX4; //使能 INT4 下降沿中断
 213   5                        
 214   5                          PCON |= 0x02;   //Sleep
 215   5                          _nop_();
 216   5                          _nop_();
 217   5                          _nop_();
 218   5                          _nop_();
 219   5                          _nop_();
 220   5                          _nop_();
 221   5                          _nop_();
 222   5                      }
 223   4                  }
 224   3              }
 225   2          }
 226   1      } 
 227          /**********************************************/
 228          
 229          //========================================================================
 230          // 函数: void delay_ms(u8 ms)
 231          // 描述: 延时函数。
 232          // 参数: ms,要延时的ms数, 这里只支持1~255ms. 自动适应主时钟.
 233          // 返回: none.
 234          // 版本: VER1.0
 235          // 日期: 2021-3-9
 236          // 备注: 
 237          //========================================================================
 238          void delay_ms(u8 ms)
 239          {
 240   1           u16 i;
 241   1           do{
C51 COMPILER V9.59.0.0   WAKE_UP                                                           03/09/2021 15:53:39 PAGE 5   

 242   2                i = MAIN_Fosc / 10000;
 243   2                while(--i);   //10T per loop
 244   2           }while(--ms);
 245   1      }
 246          
 247          /********************* INT0中断函数 *************************/
 248          void INT0_int (void) interrupt 0      //进中断时已经清除标志
 249          {
 250   1          EX0 = 0;    //INT0 Disable
 251   1          IE0 = 0;    //外中断0标志位
 252   1      }
 253          
 254          /********************* INT1中断函数 *************************/
 255          void INT1_int (void) interrupt 2      //进中断时已经清除标志
 256          {
 257   1          EX1 = 0;    //INT1 Disable
 258   1          IE1 = 0;    //外中断1标志位
 259   1      }
 260          
 261          /********************* INT2中断函数 *************************/
 262          void INT2_int (void) interrupt 10     //进中断时已经清除标志
 263          {
 264   1          INTCLKO &= ~EX2;    //INT2 Disable
 265   1      }
 266          
 267          /********************* INT3中断函数 *************************/
 268          void INT3_int (void) interrupt 11     //进中断时已经清除标志
 269          {
 270   1          INTCLKO &= ~EX3;    //INT3 Disable
 271   1      }
 272          
 273          /********************* INT4中断函数 *************************/
 274          void INT4_int (void) interrupt 16     //进中断时已经清除标志
 275          {
 276   1          INTCLKO &= ~EX4;    //INT4 Disable
 277   1      }
 278          
 279          /********************** 显示扫描函数 ************************/
 280          void DisplayScan(void)
 281          {   
 282   1          P7 = ~T_COM[7-display_index];
 283   1          P6 = ~t_display[LED8[display_index]];
 284   1          if(++display_index >= 8)    display_index = 0;  //8位结束回0
 285   1      }
 286          


MODULE INFORMATION:   STATIC OVERLAYABLE
   CODE SIZE        =    275    ----
   CONSTANT SIZE    =     51    ----
   XDATA SIZE       =   ----    ----
   PDATA SIZE       =   ----    ----
   DATA SIZE        =     13    ----
   IDATA SIZE       =   ----    ----
   BIT SIZE         =   ----    ----
END OF MODULE INFORMATION.


C51 COMPILATION COMPLETE.  0 WARNING(S),  0 ERROR(S)
