C51 COMPILER V9.59.0.0   UART4                                                             02/08/2021 11:29:10 PAGE 1   


C51 COMPILER V9.59.0.0, COMPILATION OF MODULE UART4
OBJECT MODULE PLACED IN UART4.OBJ
COMPILER INVOKED BY: C:\Keil_v5\C51\BIN\C51.EXE UART4.c OPTIMIZE(8,SPEED) BROWSE DEBUG OBJECTEXTEND TABS(2)

line level    source

   1          /*---------------------------------------------------------------------*/
   2          /* --- STC MCU Limited ------------------------------------------------*/
   3          /* --- STC 1T Series MCU Demo Programme -------------------------------*/
   4          /* --- Mobile: (86)13922805190 ----------------------------------------*/
   5          /* --- Fax: 86-0513-55012956,55012947,55012969 ------------------------*/
   6          /* --- Tel: 86-0513-55012928,55012929,55012966 ------------------------*/
   7          /* --- Web: www.STCMCU.com --------------------------------------------*/
   8          /* --- Web: www.STCMCUDATA.com  ---------------------------------------*/
   9          /* --- QQ:  800003751 -------------------------------------------------*/
  10          /* 如果要在程序中使用此代码,请在程序中注明使用了STC的资料及程序        */
  11          /*---------------------------------------------------------------------*/
  12          
  13          
  14          /*************  功能说明    **************
  15          
  16          本例程基于STC8H8K64U为主控芯片的实验箱8进行编写测试，STC8G、STC8H系列芯片可通用参考.
  17          
  18          串口4全双工中断方式收发通讯程序。
  19          
  20          通过PC向MCU发送数据, MCU收到后通过串口4把收到的数据原样返回.
  21          
  22          下载时, 选择时钟 22.1184MHz (用户可自行修改频率).
  23          
  24          ******************************************/
  25          
  26          #include    "reg51.h"       //包含此头文件后，里面声明的寄存器不需要再手动输入，避免重复定义
  27          
  28          #define MAIN_Fosc       22118400L   //定义主时钟（精确计算115200波特率）
  29          
  30          typedef     unsigned char   u8;
  31          typedef     unsigned int    u16;
  32          typedef     unsigned long   u32;
  33          
  34          //手动输入声明"reg51.h"头文件里面没有定义的寄存器
  35          sfr T2H  = 0xD6;
  36          sfr T2L  = 0xD7;
  37          sfr T4H  = 0xD2;
  38          sfr T4L  = 0xD3;
  39          sfr T4T3M = 0xD1;
  40          sfr IE2   = 0xAF;
  41          sfr INT_CLKO = 0x8F;
  42          sfr AUXR = 0x8E;
  43          sfr AUXR1 = 0xA2;
  44          sfr P_SW1 = 0xA2;
  45          sfr P_SW2 = 0xBA;
  46          sfr S4CON = 0x84;
  47          sfr S4BUF = 0x85;
  48          
  49          sfr P4   = 0xC0;
  50          sfr P5   = 0xC8;
  51          sfr P6   = 0xE8;
  52          sfr P7   = 0xF8;
  53          sfr P1M1 = 0x91;    //PxM1.n,PxM0.n     =00--->Standard,    01--->push-pull
  54          sfr P1M0 = 0x92;    //                  =10--->pure input,  11--->open drain
  55          sfr P0M1 = 0x93;
C51 COMPILER V9.59.0.0   UART4                                                             02/08/2021 11:29:10 PAGE 2   

  56          sfr P0M0 = 0x94;
  57          sfr P2M1 = 0x95;
  58          sfr P2M0 = 0x96;
  59          sfr P3M1 = 0xB1;
  60          sfr P3M0 = 0xB2;
  61          sfr P4M1 = 0xB3;
  62          sfr P4M0 = 0xB4;
  63          sfr P5M1 = 0xC9;
  64          sfr P5M0 = 0xCA;
  65          sfr P6M1 = 0xCB;
  66          sfr P6M0 = 0xCC;
  67          sfr P7M1 = 0xE1;
  68          sfr P7M0 = 0xE2;
  69          
  70          sbit P00 = P0^0;
  71          sbit P01 = P0^1;
  72          sbit P02 = P0^2;
  73          sbit P03 = P0^3;
  74          sbit P04 = P0^4;
  75          sbit P05 = P0^5;
  76          sbit P06 = P0^6;
  77          sbit P07 = P0^7;
  78          sbit P10 = P1^0;
  79          sbit P11 = P1^1;
  80          sbit P12 = P1^2;
  81          sbit P13 = P1^3;
  82          sbit P14 = P1^4;
  83          sbit P15 = P1^5;
  84          sbit P16 = P1^6;
  85          sbit P17 = P1^7;
  86          sbit P20 = P2^0;
  87          sbit P21 = P2^1;
  88          sbit P22 = P2^2;
  89          sbit P23 = P2^3;
  90          sbit P24 = P2^4;
  91          sbit P25 = P2^5;
  92          sbit P26 = P2^6;
  93          sbit P27 = P2^7;
  94          sbit P30 = P3^0;
  95          sbit P31 = P3^1;
  96          sbit P32 = P3^2;
  97          sbit P33 = P3^3;
  98          sbit P34 = P3^4;
  99          sbit P35 = P3^5;
 100          sbit P36 = P3^6;
 101          sbit P37 = P3^7;
 102          sbit P40 = P4^0;
 103          sbit P41 = P4^1;
 104          sbit P42 = P4^2;
 105          sbit P43 = P4^3;
 106          sbit P44 = P4^4;
 107          sbit P45 = P4^5;
 108          sbit P46 = P4^6;
 109          sbit P47 = P4^7;
 110          sbit P50 = P5^0;
 111          sbit P51 = P5^1;
 112          sbit P52 = P5^2;
 113          sbit P53 = P5^3;
 114          sbit P54 = P5^4;
 115          sbit P55 = P5^5;
 116          sbit P56 = P5^6;
 117          sbit P57 = P5^7;
C51 COMPILER V9.59.0.0   UART4                                                             02/08/2021 11:29:10 PAGE 3   

 118          
 119          
 120          #define Baudrate4   115200L
 121          #define UART4_BUF_LENGTH    64
 122          
 123          
 124          u8  TX4_Cnt;    //发送计数
 125          u8  RX4_Cnt;    //接收计数
 126          bit B_TX4_Busy; //发送忙标志
 127          
 128          u8  idata RX4_Buffer[UART4_BUF_LENGTH]; //接收缓冲
 129          
 130          
 131          void    UART4_config(u8 brt);   // 选择波特率, 2: 使用Timer2做波特率, 其它值: 使用Timer4做波特率.
 132          void    PrintString4(u8 *puts);
 133          
 134          
 135          //========================================================================
 136          // 函数: void main(void)
 137          // 描述: 主函数。
 138          // 参数: none.
 139          // 返回: none.
 140          // 版本: VER1.0
 141          // 日期: 2014-11-28
 142          // 备注: 
 143          //========================================================================
 144          void main(void)
 145          {
 146   1          P0M1 = 0;   P0M0 = 0;   //设置为准双向口
 147   1          P1M1 = 0;   P1M0 = 0;   //设置为准双向口
 148   1          P2M1 = 0;   P2M0 = 0;   //设置为准双向口
 149   1          P3M1 = 0;   P3M0 = 0;   //设置为准双向口
 150   1          P4M1 = 0;   P4M0 = 0;   //设置为准双向口
 151   1          P5M1 = 0;   P5M0 = 0;   //设置为准双向口
 152   1          P6M1 = 0;   P6M0 = 0;   //设置为准双向口
 153   1          P7M1 = 0;   P7M0 = 0;   //设置为准双向口
 154   1      
 155   1          UART4_config(0);    // 选择波特率, 2: 使用Timer2做波特率, 其它值: 使用Timer4做波特率.
 156   1          EA = 1; //允许全局中断
 157   1          
 158   1          PrintString4("STC8H8K64U UART4 Test Programme!\r\n");  //UART4发送一个字符串
 159   1      
 160   1          while (1)
 161   1          {
 162   2              if((TX4_Cnt != RX4_Cnt) && (!B_TX4_Busy))   //收到数据, 发送空闲
 163   2              {
 164   3                  S4BUF = RX4_Buffer[TX4_Cnt];
 165   3                  B_TX4_Busy = 1;
 166   3                  if(++TX4_Cnt >= UART4_BUF_LENGTH)   TX4_Cnt = 0;
 167   3              }
 168   2          }
 169   1      }
 170          
 171          
 172          //========================================================================
 173          // 函数: void PrintString4(u8 *puts)
 174          // 描述: 串口4发送字符串函数。
 175          // 参数: puts:  字符串指针.
 176          // 返回: none.
 177          // 版本: VER1.0
 178          // 日期: 2014-11-28
 179          // 备注: 
C51 COMPILER V9.59.0.0   UART4                                                             02/08/2021 11:29:10 PAGE 4   

 180          //========================================================================
 181          void PrintString4(u8 *puts)
 182          {
 183   1          for (; *puts != 0;  puts++)     //遇到停止符0结束
 184   1          {
 185   2              S4BUF = *puts;
 186   2              B_TX4_Busy = 1;
 187   2              while(B_TX4_Busy);
 188   2          }
 189   1      }
 190          
 191          //========================================================================
 192          // 函数: SetTimer2Baudraye(u16 dat)
 193          // 描述: 设置Timer2做波特率发生器。
 194          // 参数: dat: Timer2的重装值.
 195          // 返回: none.
 196          // 版本: VER1.0
 197          // 日期: 2014-11-28
 198          // 备注: 
 199          //========================================================================
 200          void SetTimer2Baudraye(u16 dat)  // 使用Timer2做波特率.
 201          {
 202   1          AUXR &= ~(1<<4);    //Timer stop
 203   1          AUXR &= ~(1<<3);    //Timer2 set As Timer
 204   1          AUXR |=  (1<<2);    //Timer2 set as 1T mode
 205   1          T2H = dat / 256;
 206   1          T2L = dat % 256;
 207   1          IE2  &= ~(1<<2);    //禁止T2中断
 208   1          AUXR |=  (1<<4);    //Timer run enable
 209   1      }
 210          
 211          //========================================================================
 212          // 函数: void UART4_config(u8 brt)
 213          // 描述: UART4初始化函数。
 214          // 参数: brt: 选择波特率, 2: 使用Timer2做波特率, 其它值: 使用Timer4做波特率.
 215          // 返回: none.
 216          // 版本: VER1.0
 217          // 日期: 2014-11-28
 218          // 备注: 
 219          //========================================================================
 220          void UART4_config(u8 brt)    // 选择波特率, 2: 使用Timer2做波特率, 其它值: 使用Timer4做波特率.
 221          {
 222   1          if(brt == 2)
 223   1          {
 224   2              SetTimer2Baudraye(65536UL - (MAIN_Fosc / 4) / Baudrate4);
 225   2              S4CON = 0x10;       //8位数据, 使用Timer2做波特率发生器, 允许接收
 226   2          }
 227   1          else
 228   1          {
 229   2              S4CON = 0x50;       //8位数据, 使用Timer4做波特率发生器, 允许接收
 230   2              T4H = (65536UL - (MAIN_Fosc / 4) / Baudrate4) / 256;
 231   2              T4L = (65536UL - (MAIN_Fosc / 4) / Baudrate4) % 256;
 232   2              T4T3M = 0xa0;
 233   2          }
 234   1          IE2 |= 0x10;          //允许UART4中断
 235   1          P_SW2 &= ~0x04; 
 236   1          //P_SW2 |= 0x04;      //UART4 switch bit2 to: 0: P0.2 P0.3,  1: P5.2 P5.3
 237   1      
 238   1          B_TX4_Busy = 0;
 239   1          TX4_Cnt = 0;
 240   1          RX4_Cnt = 0;
 241   1      }
C51 COMPILER V9.59.0.0   UART4                                                             02/08/2021 11:29:10 PAGE 5   

 242          
 243          
 244          //========================================================================
 245          // 函数: void UART4_int (void) interrupt UART4_VECTOR
 246          // 描述: UART4中断函数。
 247          // 参数: nine.
 248          // 返回: none.
 249          // 版本: VER1.0
 250          // 日期: 2014-11-28
 251          // 备注: 
 252          //========================================================================
 253          void UART4_int (void) interrupt 18
 254          {
 255   1          if((S4CON & 0x01) != 0)
 256   1          {
 257   2              S4CON &= ~0x01;    //Clear Rx flag
 258   2              RX4_Buffer[RX4_Cnt] = S4BUF;
 259   2              if(++RX4_Cnt >= UART4_BUF_LENGTH)   RX4_Cnt = 0;
 260   2          }
 261   1      
 262   1          if((S4CON & 0x02) != 0)
 263   1          {
 264   2              S4CON &= ~0x02;    //Clear Tx flag
 265   2              B_TX4_Busy = 0;
 266   2          }
 267   1      }
 268          


MODULE INFORMATION:   STATIC OVERLAYABLE
   CODE SIZE        =    235    ----
   CONSTANT SIZE    =     35    ----
   XDATA SIZE       =   ----    ----
   PDATA SIZE       =   ----    ----
   DATA SIZE        =      2    ----
   IDATA SIZE       =     64    ----
   BIT SIZE         =      1    ----
END OF MODULE INFORMATION.


C51 COMPILATION COMPLETE.  0 WARNING(S),  0 ERROR(S)
